2026-05-18 17:04:12,676 - INFO - server listening on 0.0.0.0:8765
2026-05-18 17:04:56,928 - INFO - Received GET request from 127.0.0.1 for path /img/logol.png
2026-05-18 17:04:57,178 - INFO - Received GET request from 127.0.0.1 for path /img/team-photo.jpg
2026-05-18 17:04:57,182 - INFO - Received GET request from 127.0.0.1 for path /img/doc/login.jpg
2026-05-18 17:04:57,202 - INFO - Received GET request from 127.0.0.1 for path /img/doc/visual.jpg
2026-05-18 17:04:57,229 - INFO - Received GET request from 127.0.0.1 for path /img/doc/no-db-data.jpg
2026-05-18 17:04:57,245 - INFO - Received GET request from 127.0.0.1 for path /img/doc/with-db-data.jpg
2026-05-18 17:04:57,266 - INFO - Received GET request from 127.0.0.1 for path /img/doc/database.jpg
2026-05-18 17:04:57,279 - INFO - Received GET request from 127.0.0.1 for path /img/doc/reload.jpg
2026-05-18 17:04:57,522 - INFO - Received GET request from 127.0.0.1 for path /img/doc/terminal.jpg
2026-05-18 17:11:47,065 - INFO - Received GET request from 127.0.0.1 for path /img/logol.png
2026-05-18 17:11:47,072 - INFO - Received GET request from 127.0.0.1 for path /img/team-photo.jpg
2026-05-18 17:11:47,077 - INFO - Received GET request from 127.0.0.1 for path /img/doc/login.jpg
2026-05-18 17:11:47,105 - INFO - Received GET request from 127.0.0.1 for path /img/doc/visual.jpg
2026-05-18 17:11:47,131 - INFO - Received GET request from 127.0.0.1 for path /img/doc/no-db-data.jpg
2026-05-18 17:11:47,156 - INFO - Received GET request from 127.0.0.1 for path /img/doc/with-db-data.jpg
2026-05-18 17:11:47,257 - INFO - Received GET request from 127.0.0.1 for path /img/doc/database.jpg
2026-05-18 17:11:47,334 - INFO - Received GET request from 127.0.0.1 for path /img/doc/reload.jpg
2026-05-18 17:11:47,471 - INFO - Received GET request from 127.0.0.1 for path /img/doc/terminal.jpg
2026-05-18 17:11:49,495 - INFO - Received GET request from 127.0.0.1 for path /data_input/my
2026-05-18 17:11:49,513 - INFO - Received GET request from 127.0.0.1 for path /data_input/my
2026-05-18 17:11:51,544 - INFO - Received GET request from 127.0.0.1 for path /data_input/my
2026-05-18 17:11:51,572 - INFO - Received GET request from 127.0.0.1 for path /data_input/my
2026-05-18 17:11:57,746 - INFO - Connected (version 2.0, client OpenSSH_8.0)
2026-05-18 17:11:57,933 - INFO - Authentication (publickey) failed.
2026-05-18 17:11:57,970 - INFO - Authentication (password) successful!
2026-05-18 17:11:57,976 - INFO - Received GET request from 127.0.0.1 for path /data_input/my
2026-05-18 17:11:58,035 - INFO - Connected (version 2.0, client OpenSSH_8.0)
2026-05-18 17:11:58,161 - INFO - Authentication (publickey) failed.
2026-05-18 17:11:58,200 - INFO - Authentication (password) successful!
2026-05-18 17:11:58,203 - INFO - Received GET request from 127.0.0.1 for path /data_input/my
2026-05-18 17:11:58,477 - INFO - connection open
2026-05-18 17:11:58,538 - INFO - Connected (version 2.0, client OpenSSH_8.0)
2026-05-18 17:11:58,633 - INFO - Authentication (publickey) failed.
2026-05-18 17:11:58,671 - INFO - Authentication (password) successful!
2026-05-18 17:12:03,787 - INFO - Connected (version 2.0, client OpenSSH_8.0)
2026-05-18 17:12:03,919 - INFO - Authentication (publickey) failed.
2026-05-18 17:12:03,955 - INFO - Authentication (password) successful!
2026-05-18 17:12:09,929 - INFO - Connected (version 2.0, client OpenSSH_8.0)
2026-05-18 17:12:10,064 - INFO - Authentication (publickey) failed.
2026-05-18 17:12:10,105 - INFO - Authentication (password) successful!
2026-05-18 17:12:15,771 - INFO - Connected (version 2.0, client OpenSSH_8.0)
2026-05-18 17:12:15,884 - INFO - Authentication (publickey) failed.
2026-05-18 17:12:15,920 - INFO - Authentication (password) successful!
2026-05-18 17:12:21,767 - INFO - Connected (version 2.0, client OpenSSH_8.0)
2026-05-18 17:12:21,887 - INFO - Authentication (publickey) failed.
2026-05-18 17:12:21,927 - INFO - Authentication (password) successful!
2026-05-18 17:12:27,761 - INFO - Connected (version 2.0, client OpenSSH_8.0)
2026-05-18 17:12:27,873 - INFO - Authentication (publickey) failed.
2026-05-18 17:12:27,908 - INFO - Authentication (password) successful!
2026-05-18 17:12:33,929 - INFO - Connected (version 2.0, client OpenSSH_8.0)
2026-05-18 17:12:34,056 - INFO - Authentication (publickey) failed.
2026-05-18 17:12:34,102 - INFO - Authentication (password) successful!
2026-05-18 17:12:39,785 - INFO - Connected (version 2.0, client OpenSSH_8.0)
2026-05-18 17:12:39,914 - INFO - Authentication (publickey) failed.
2026-05-18 17:12:39,954 - INFO - Authentication (password) successful!
2026-05-18 17:12:45,801 - INFO - Connected (version 2.0, client OpenSSH_8.0)
2026-05-18 17:12:45,924 - INFO - Authentication (publickey) failed.
2026-05-18 17:12:45,961 - INFO - Authentication (password) successful!
2026-05-18 17:12:48,157 - INFO - Received GET request from 127.0.0.1 for path /data_input/my
2026-05-18 17:12:51,480 - INFO - Received GET request from 127.0.0.1 for path /data_input/my
2026-05-18 17:12:51,512 - INFO - Received GET request from 127.0.0.1 for path /data_input/my
2026-05-18 17:12:54,585 - INFO - Received GET request from 127.0.0.1 for path /data_input/pending
2026-05-18 17:12:54,617 - INFO - Received GET request from 127.0.0.1 for path /data_input/pending
2026-05-18 17:13:03,008 - WARNING - data_input_insert_to_db: 2003: Can't connect to MySQL server on 'localhost:3306' (10061 由于目标计算机积极拒绝，无法连接。)
2026-05-18 17:13:07,123 - WARNING - data_input_insert_to_db: 2003: Can't connect to MySQL server on 'localhost:3306' (10061 由于目标计算机积极拒绝，无法连接。)
2026-05-18 17:13:11,215 - WARNING - data_input_insert_to_db: 2003: Can't connect to MySQL server on 'localhost:3306' (10061 由于目标计算机积极拒绝，无法连接。)
2026-05-18 17:13:15,298 - WARNING - data_input_insert_to_db: 2003: Can't connect to MySQL server on 'localhost:3306' (10061 由于目标计算机积极拒绝，无法连接。)
2026-05-18 17:13:19,383 - WARNING - data_input_insert_to_db: 2003: Can't connect to MySQL server on 'localhost:3306' (10061 由于目标计算机积极拒绝，无法连接。)
2026-05-18 17:13:23,464 - WARNING - data_input_insert_to_db: 2003: Can't connect to MySQL server on 'localhost:3306' (10061 由于目标计算机积极拒绝，无法连接。)
2026-05-18 17:13:23,466 - INFO - Received GET request from 127.0.0.1 for path /data_input/pending
2026-05-18 17:13:23,514 - INFO - Connected (version 2.0, client OpenSSH_8.0)
2026-05-18 17:13:23,649 - INFO - Authentication (publickey) failed.
2026-05-18 17:13:23,685 - INFO - Authentication (password) successful!
2026-05-18 17:13:23,687 - INFO - Received GET request from 127.0.0.1 for path /data_input/my
2026-05-18 17:13:23,731 - INFO - Connected (version 2.0, client OpenSSH_8.0)
2026-05-18 17:13:23,846 - INFO - Authentication (publickey) failed.
2026-05-18 17:13:23,884 - INFO - Authentication (password) successful!
2026-05-18 17:13:23,940 - INFO - Connected (version 2.0, client OpenSSH_8.0)
2026-05-18 17:13:24,063 - INFO - Authentication (publickey) failed.
2026-05-18 17:13:24,111 - INFO - Authentication (password) successful!
2026-05-18 17:13:24,168 - INFO - Connected (version 2.0, client OpenSSH_8.0)
2026-05-18 17:13:24,265 - INFO - Authentication (publickey) failed.
2026-05-18 17:13:24,301 - INFO - Authentication (password) successful!
2026-05-18 17:13:28,388 - WARNING - page2_search element_inf: 2003: Can't connect to MySQL server on 'localhost:3306' (10061 由于目标计算机积极拒绝，无法连接。)
2026-05-18 17:13:30,421 - WARNING - page2_search materials: 2003: Can't connect to MySQL server on 'localhost:3306' (10061 由于目标计算机积极拒绝，无法连接。)
2026-05-18 17:13:32,266 - INFO - Connected (version 2.0, client OpenSSH_8.0)
2026-05-18 17:13:32,357 - INFO - Authentication (publickey) failed.
2026-05-18 17:13:32,395 - INFO - Authentication (password) successful!
2026-05-18 17:13:32,398 - INFO - Received GET request from 127.0.0.1 for path /data_input/pending
2026-05-18 17:13:32,400 - INFO - Received GET request from 127.0.0.1 for path /data_input/pending
2026-05-18 17:13:32,401 - INFO - Received GET request from 127.0.0.1 for path /data_input/my
2026-05-18 17:13:32,403 - INFO - Received GET request from 127.0.0.1 for path /img/team-photo.jpg
2026-05-18 17:13:32,447 - INFO - Connected (version 2.0, client OpenSSH_8.0)
2026-05-18 17:13:32,561 - INFO - Authentication (publickey) failed.
2026-05-18 17:13:32,595 - INFO - Authentication (password) successful!
2026-05-18 17:13:36,675 - ERROR - MySQL连接错误: 2003: Can't connect to MySQL server on 'localhost:3306' (10061 由于目标计算机积极拒绝，无法连接。)
2026-05-18 17:13:36,675 - ERROR - 请确保MySQL服务已启动且正在运行在端口3306上
2026-05-18 17:13:38,713 - WARNING - u_nb_database 查询异常: 2003: Can't connect to MySQL server on 'localhost:3306' (10061 由于目标计算机积极拒绝，无法连接。)
2026-05-18 17:13:38,716 - INFO - Received GET request from 127.0.0.1 for path /data_input/pending
2026-05-18 17:13:38,718 - INFO - Received GET request from 127.0.0.1 for path /data_input/pending
2026-05-18 17:13:38,720 - INFO - Received GET request from 127.0.0.1 for path /data_input/pending
2026-05-18 17:13:38,722 - INFO - Received GET request from 127.0.0.1 for path /data_input/my
2026-05-18 17:13:38,775 - INFO - Connected (version 2.0, client OpenSSH_8.0)
2026-05-18 17:13:38,855 - INFO - Authentication (publickey) failed.
2026-05-18 17:13:38,897 - INFO - Authentication (password) successful!
2026-05-18 17:13:38,900 - INFO - Received GET request from 127.0.0.1 for path /data_input/my
2026-05-18 17:13:38,902 - INFO - Updated element: B, num_element: 1
2026-05-18 17:13:38,959 - INFO - Received GET request from 127.0.0.1 for path /api/data
2026-05-18 17:13:38,959 - INFO - Getting data for element: B, num_element: 1
2026-05-18 17:13:38,961 - INFO - ==================== 开始获取数据 ====================
2026-05-18 17:13:38,961 - INFO - 请求元素: B, 元素数量: 1
2026-05-18 17:13:38,966 - INFO - 处理后的化学式: B
2026-05-18 17:13:38,966 - INFO - 正在查询 Materials Project API...
2026-05-18 17:13:43,793 - INFO - API查询完成，获取到 15 条记录
2026-05-18 17:13:43,793 - INFO - 处理材料数据: mp-1055985
2026-05-18 17:13:43,794 - INFO - 处理晶体结构数据...
2026-05-18 17:13:43,799 - INFO - 晶格参数: a=3.635, b=1.702, c=1.702
2026-05-18 17:13:43,802 - INFO - 计算弹性常数和杨氏模量...
2026-05-18 17:13:43,802 - WARNING - 体积模量(None)或剪切模量(None)为None
2026-05-18 17:13:43,803 - INFO - 材料 mp-1055985 数据处理完成
2026-05-18 17:13:43,803 - INFO - 处理材料数据: mp-1104251
2026-05-18 17:13:43,803 - INFO - 处理晶体结构数据...
2026-05-18 17:13:43,804 - INFO - 晶格参数: a=5.228, b=5.228, c=5.228
2026-05-18 17:13:43,807 - INFO - 计算弹性常数和杨氏模量...
2026-05-18 17:13:43,807 - WARNING - 体积模量(None)或剪切模量(None)为None
2026-05-18 17:13:43,808 - INFO - 材料 mp-1104251 数据处理完成
2026-05-18 17:13:43,808 - INFO - 处理材料数据: mp-1182425
2026-05-18 17:13:43,808 - INFO - 处理晶体结构数据...
2026-05-18 17:13:43,809 - INFO - 晶格参数: a=7.513, b=4.498, c=5.584
2026-05-18 17:13:43,810 - INFO - 计算弹性常数和杨氏模量...
2026-05-18 17:13:43,811 - WARNING - 体积模量(None)或剪切模量(None)为None
2026-05-18 17:13:43,811 - INFO - 材料 mp-1182425 数据处理完成
2026-05-18 17:13:43,811 - INFO - 处理材料数据: mp-1193675
2026-05-18 17:13:43,811 - INFO - 处理晶体结构数据...
2026-05-18 17:13:43,813 - INFO - 晶格参数: a=5.032, b=5.600, c=6.939
2026-05-18 17:13:43,817 - INFO - 计算弹性常数和杨氏模量...
2026-05-18 17:13:43,819 - WARNING - 体积模量(None)或剪切模量(None)为None
2026-05-18 17:13:43,819 - INFO - 材料 mp-1193675 数据处理完成
2026-05-18 17:13:43,819 - INFO - 处理材料数据: mp-1196985
2026-05-18 17:13:43,820 - INFO - 处理晶体结构数据...
2026-05-18 17:13:43,820 - INFO - 晶格参数: a=7.293, b=7.293, c=7.293
2026-05-18 17:13:43,833 - INFO - 计算弹性常数和杨氏模量...
2026-05-18 17:13:43,835 - WARNING - 体积模量(None)或剪切模量(None)为None
2026-05-18 17:13:43,835 - INFO - 材料 mp-1196985 数据处理完成
2026-05-18 17:13:43,835 - INFO - 处理材料数据: mp-1202723
2026-05-18 17:13:43,836 - INFO - 处理晶体结构数据...
2026-05-18 17:13:43,837 - INFO - 晶格参数: a=7.388, b=7.389, c=7.389
2026-05-18 17:13:43,860 - INFO - 计算弹性常数和杨氏模量...
2026-05-18 17:13:43,861 - WARNING - 体积模量(None)或剪切模量(None)为None
2026-05-18 17:13:43,862 - INFO - 材料 mp-1202723 数据处理完成
2026-05-18 17:13:43,862 - INFO - 处理材料数据: mp-1228790
2026-05-18 17:13:43,862 - INFO - 处理晶体结构数据...
2026-05-18 17:13:43,863 - INFO - 晶格参数: a=10.116, b=10.116, c=10.116
2026-05-18 17:13:43,936 - INFO - 计算弹性常数和杨氏模量...
2026-05-18 17:13:43,936 - WARNING - 体积模量(None)或剪切模量(None)为None
2026-05-18 17:13:43,938 - INFO - 材料 mp-1228790 数据处理完成
2026-05-18 17:13:43,939 - INFO - 处理材料数据: mp-160
2026-05-18 17:13:43,941 - INFO - 处理晶体结构数据...
2026-05-18 17:13:43,942 - INFO - 晶格参数: a=5.042, b=5.042, c=5.042
2026-05-18 17:13:43,944 - INFO - 计算弹性常数和杨氏模量...
2026-05-18 17:13:43,944 - INFO - 体积模量是字典类型，使用VRH平均值
2026-05-18 17:13:43,944 - INFO - 体积模量VRH值: 210.223
2026-05-18 17:13:43,945 - INFO - 剪切模量是字典类型，使用VRH平均值
2026-05-18 17:13:43,945 - INFO - 剪切模量VRH值: 172.392
2026-05-18 17:13:43,945 - INFO - 计算完成 - C11: 440.08, C12: 95.30, E: 406.15
2026-05-18 17:13:43,945 - INFO - 材料 mp-160 数据处理完成
2026-05-18 17:13:43,945 - INFO - 处理材料数据: mp-161
2026-05-18 17:13:43,946 - INFO - 处理晶体结构数据...
2026-05-18 17:13:43,946 - INFO - 晶格参数: a=10.090, b=10.090, c=10.090
2026-05-18 17:13:44,007 - INFO - 计算弹性常数和杨氏模量...
2026-05-18 17:13:44,008 - INFO - 体积模量是字典类型，使用VRH平均值
2026-05-18 17:13:44,008 - INFO - 体积模量VRH值: 333.205
2026-05-18 17:13:44,008 - INFO - 剪切模量是字典类型，使用VRH平均值
2026-05-18 17:13:44,009 - INFO - 剪切模量VRH值: 2957435.607
2026-05-18 17:13:44,009 - INFO - 计算完成 - C11: 3943580.68, C12: -1971290.53, E: 2997.83
2026-05-18 17:13:44,009 - INFO - 材料 mp-161 数据处理完成
2026-05-18 17:13:44,010 - INFO - 处理材料数据: mp-22046
2026-05-18 17:13:44,010 - INFO - 处理晶体结构数据...
2026-05-18 17:13:44,010 - INFO - 晶格参数: a=4.920, b=8.849, c=8.849
2026-05-18 17:13:44,024 - INFO - 计算弹性常数和杨氏模量...
2026-05-18 17:13:44,025 - WARNING - 体积模量(None)或剪切模量(None)为None
2026-05-18 17:13:44,025 - INFO - 材料 mp-22046 数据处理完成
2026-05-18 17:13:44,025 - INFO - 处理材料数据: mp-541848
2026-05-18 17:13:44,025 - INFO - 处理晶体结构数据...
2026-05-18 17:13:44,026 - INFO - 晶格参数: a=11.561, b=11.561, c=11.561
2026-05-18 17:13:44,084 - INFO - 计算弹性常数和杨氏模量...
2026-05-18 17:13:44,084 - WARNING - 体积模量(None)或剪切模量(None)为None
2026-05-18 17:13:44,085 - INFO - 材料 mp-541848 数据处理完成
2026-05-18 17:13:44,085 - INFO - 处理材料数据: mp-570316
2026-05-18 17:13:44,085 - INFO - 处理晶体结构数据...
2026-05-18 17:13:44,086 - INFO - 晶格参数: a=5.006, b=8.594, c=8.594
2026-05-18 17:13:44,099 - INFO - 计算弹性常数和杨氏模量...
2026-05-18 17:13:44,100 - WARNING - 体积模量(None)或剪切模量(None)为None
2026-05-18 17:13:44,100 - INFO - 材料 mp-570316 数据处理完成
2026-05-18 17:13:44,100 - INFO - 处理材料数据: mp-570602
2026-05-18 17:13:44,101 - INFO - 处理晶体结构数据...
2026-05-18 17:13:44,101 - INFO - 晶格参数: a=5.050, b=8.606, c=8.606
2026-05-18 17:13:44,116 - INFO - 计算弹性常数和杨氏模量...
2026-05-18 17:13:44,117 - WARNING - 体积模量(None)或剪切模量(None)为None
2026-05-18 17:13:44,118 - INFO - 材料 mp-570602 数据处理完成
2026-05-18 17:13:44,118 - INFO - 处理材料数据: mp-632401
2026-05-18 17:13:44,118 - INFO - 处理晶体结构数据...
2026-05-18 17:13:44,119 - INFO - 晶格参数: a=9.816, b=2.924, c=5.759
2026-05-18 17:13:44,120 - INFO - 计算弹性常数和杨氏模量...
2026-05-18 17:13:44,120 - WARNING - 体积模量(None)或剪切模量(None)为None
2026-05-18 17:13:44,120 - INFO - 材料 mp-632401 数据处理完成
2026-05-18 17:13:44,121 - INFO - 处理材料数据: mp-729184
2026-05-18 17:13:44,121 - INFO - 处理晶体结构数据...
2026-05-18 17:13:44,121 - INFO - 晶格参数: a=5.198, b=11.825, c=12.119
2026-05-18 17:13:44,129 - INFO - 计算弹性常数和杨氏模量...
2026-05-18 17:13:44,130 - WARNING - 体积模量(None)或剪切模量(None)为None
2026-05-18 17:13:44,130 - INFO - 材料 mp-729184 数据处理完成
2026-05-18 17:13:44,131 - INFO - ==================== 数据处理完成 ====================
2026-05-18 17:13:44,214 - INFO - Connected (version 2.0, client OpenSSH_8.0)
2026-05-18 17:13:44,337 - INFO - Authentication (publickey) failed.
2026-05-18 17:13:44,373 - INFO - Authentication (password) successful!
2026-05-18 17:13:48,447 - WARNING - page2_search element_inf: 2003: Can't connect to MySQL server on 'localhost:3306' (10061 由于目标计算机积极拒绝，无法连接。)
2026-05-18 17:13:50,497 - WARNING - page2_search materials: 2003: Can't connect to MySQL server on 'localhost:3306' (10061 由于目标计算机积极拒绝，无法连接。)
2026-05-18 17:13:50,547 - INFO - Connected (version 2.0, client OpenSSH_8.0)
2026-05-18 17:13:50,668 - INFO - Authentication (publickey) failed.
2026-05-18 17:13:50,702 - INFO - Authentication (password) successful!
2026-05-18 17:13:52,402 - INFO - connection open
2026-05-18 17:13:54,531 - WARNING - 终端 SSH 连接失败: [Errno None] Unable to connect to port 22 on 127.0.0.1
2026-05-18 17:13:54,790 - ERROR - MySQL连接错误: 2003: Can't connect to MySQL server on 'localhost:3306' (10061 由于目标计算机积极拒绝，无法连接。)
2026-05-18 17:13:54,791 - ERROR - 请确保MySQL服务已启动且正在运行在端口3306上
2026-05-18 17:13:56,836 - WARNING - u_nb_database 查询异常: 2003: Can't connect to MySQL server on 'localhost:3306' (10061 由于目标计算机积极拒绝，无法连接。)
2026-05-18 17:13:56,883 - INFO - Connected (version 2.0, client OpenSSH_8.0)
2026-05-18 17:13:56,960 - INFO - Authentication (publickey) failed.
2026-05-18 17:13:56,995 - INFO - Authentication (password) successful!
2026-05-18 17:13:56,998 - INFO - Updated element: B-C, num_element: 2
2026-05-18 17:13:57,024 - INFO - Received GET request from 127.0.0.1 for path /api/data
2026-05-18 17:13:57,025 - INFO - Getting data for element: B-C, num_element: 2
2026-05-18 17:13:57,025 - INFO - ==================== 开始获取数据 ====================
2026-05-18 17:13:57,025 - INFO - 请求元素: B-C, 元素数量: 2
2026-05-18 17:13:57,028 - INFO - 处理后的化学式: B-C
2026-05-18 17:13:57,028 - INFO - 正在查询 Materials Project API...
2026-05-18 17:14:00,693 - INFO - API查询完成，获取到 22 条记录
2026-05-18 17:14:00,693 - INFO - 处理材料数据: mp-576
2026-05-18 17:14:00,694 - INFO - 处理晶体结构数据...
2026-05-18 17:14:00,694 - INFO - 晶格参数: a=5.184, b=5.184, c=5.184
2026-05-18 17:14:00,695 - INFO - 计算弹性常数和杨氏模量...
2026-05-18 17:14:00,695 - INFO - 体积模量是字典类型，使用VRH平均值
2026-05-18 17:14:00,695 - INFO - 体积模量VRH值: 223.146
2026-05-18 17:14:00,695 - INFO - 剪切模量是字典类型，使用VRH平均值
2026-05-18 17:14:00,695 - INFO - 剪切模量VRH值: 155.259
2026-05-18 17:14:00,696 - INFO - 计算完成 - C11: 430.16, C12: 119.64, E: 378.09
2026-05-18 17:14:00,696 - INFO - 材料 mp-576 数据处理完成
2026-05-18 17:14:00,696 - INFO - 处理材料数据: mp-1238815
2026-05-18 17:14:00,696 - INFO - 处理晶体结构数据...
2026-05-18 17:14:00,696 - INFO - 晶格参数: a=5.046, b=5.195, c=5.195
2026-05-18 17:14:00,698 - INFO - 计算弹性常数和杨氏模量...
2026-05-18 17:14:00,698 - INFO - 体积模量是字典类型，使用VRH平均值
2026-05-18 17:14:00,698 - INFO - 体积模量VRH值: 238.023
2026-05-18 17:14:00,698 - INFO - 剪切模量是字典类型，使用VRH平均值
2026-05-18 17:14:00,699 - INFO - 剪切模量VRH值: 184.835
2026-05-18 17:14:00,699 - INFO - 计算完成 - C11: 484.47, C12: 114.80, E: 440.49
2026-05-18 17:14:00,699 - INFO - 材料 mp-1238815 数据处理完成
2026-05-18 17:14:00,699 - INFO - 处理材料数据: mp-530074
2026-05-18 17:14:00,701 - INFO - 处理晶体结构数据...
2026-05-18 17:14:00,701 - INFO - 晶格参数: a=5.119, b=5.119, c=22.368
2026-05-18 17:14:00,726 - INFO - 计算弹性常数和杨氏模量...
2026-05-18 17:14:00,727 - INFO - 体积模量是字典类型，使用VRH平均值
2026-05-18 17:14:00,727 - INFO - 体积模量VRH值: 219.382
2026-05-18 17:14:00,727 - INFO - 剪切模量是字典类型，使用VRH平均值
2026-05-18 17:14:00,728 - INFO - 剪切模量VRH值: 186.743
2026-05-18 17:14:00,728 - INFO - 计算完成 - C11: 468.37, C12: 94.89, E: 436.40
2026-05-18 17:14:00,728 - INFO - 材料 mp-530074 数据处理完成
2026-05-18 17:14:00,728 - INFO - 处理材料数据: mp-571655
2026-05-18 17:14:00,729 - INFO - 处理晶体结构数据...
2026-05-18 17:14:00,729 - INFO - 晶格参数: a=5.175, b=5.175, c=5.175
2026-05-18 17:14:00,731 - INFO - 计算弹性常数和杨氏模量...
2026-05-18 17:14:00,731 - INFO - 体积模量是字典类型，使用VRH平均值
2026-05-18 17:14:00,731 - INFO - 体积模量VRH值: 116.418
2026-05-18 17:14:00,731 - INFO - 剪切模量是字典类型，使用VRH平均值
2026-05-18 17:14:00,731 - INFO - 剪切模量VRH值: 28.245
2026-05-18 17:14:00,731 - INFO - 计算完成 - C11: 154.08, C12: 97.59, E: 78.40
2026-05-18 17:14:00,733 - INFO - 材料 mp-571655 数据处理完成
2026-05-18 17:14:00,733 - INFO - 处理材料数据: mp-696746
2026-05-18 17:14:00,733 - INFO - 处理晶体结构数据...
2026-05-18 17:14:00,734 - INFO - 晶格参数: a=5.176, b=5.176, c=5.176
2026-05-18 17:14:00,735 - INFO - 计算弹性常数和杨氏模量...
2026-05-18 17:14:00,736 - INFO - 体积模量是字典类型，使用VRH平均值
2026-05-18 17:14:00,737 - INFO - 体积模量VRH值: 226.426
2026-05-18 17:14:00,737 - INFO - 剪切模量是字典类型，使用VRH平均值
2026-05-18 17:14:00,737 - INFO - 剪切模量VRH值: 176.541
2026-05-18 17:14:00,737 - INFO - 计算完成 - C11: 461.81, C12: 108.73, E: 420.37
2026-05-18 17:14:00,738 - INFO - 材料 mp-696746 数据处理完成
2026-05-18 17:14:00,738 - INFO - 处理材料数据: mp-8035
2026-05-18 17:14:00,738 - INFO - 处理晶体结构数据...
2026-05-18 17:14:00,738 - INFO - 晶格参数: a=6.776, b=6.776, c=6.776
2026-05-18 17:14:00,739 - INFO - 计算弹性常数和杨氏模量...
2026-05-18 17:14:00,740 - WARNING - 体积模量(None)或剪切模量(None)为None
2026-05-18 17:14:00,741 - INFO - 材料 mp-8035 数据处理完成
2026-05-18 17:14:00,741 - INFO - 处理材料数据: mp-936302
2026-05-18 17:14:00,741 - INFO - 处理晶体结构数据...
2026-05-18 17:14:00,742 - INFO - 晶格参数: a=5.116, b=5.116, c=22.365
2026-05-18 17:14:00,763 - INFO - 计算弹性常数和杨氏模量...
2026-05-18 17:14:00,765 - WARNING - 体积模量(None)或剪切模量(None)为None
2026-05-18 17:14:00,765 - INFO - 材料 mp-936302 数据处理完成
2026-05-18 17:14:00,766 - INFO - 处理材料数据: mp-1182537
2026-05-18 17:14:00,766 - INFO - 处理晶体结构数据...
2026-05-18 17:14:00,766 - INFO - 晶格参数: a=11.609, b=11.609, c=11.609
2026-05-18 17:14:00,767 - INFO - 计算弹性常数和杨氏模量...
2026-05-18 17:14:00,767 - WARNING - 体积模量(None)或剪切模量(None)为None
2026-05-18 17:14:00,767 - INFO - 材料 mp-1182537 数据处理完成
2026-05-18 17:14:00,767 - INFO - 处理材料数据: mp-633538
2026-05-18 17:14:00,769 - INFO - 处理晶体结构数据...
2026-05-18 17:14:00,769 - INFO - 晶格参数: a=4.312, b=4.835, c=7.374
2026-05-18 17:14:00,771 - INFO - 计算弹性常数和杨氏模量...
2026-05-18 17:14:00,771 - INFO - 体积模量是字典类型，使用VRH平均值
2026-05-18 17:14:00,771 - INFO - 体积模量VRH值: 193.287
2026-05-18 17:14:00,772 - INFO - 剪切模量是字典类型，使用VRH平均值
2026-05-18 17:14:00,772 - INFO - 剪切模量VRH值: 107.233
2026-05-18 17:14:00,772 - INFO - 计算完成 - C11: 336.26, C12: 121.80, E: 271.49
2026-05-18 17:14:00,772 - INFO - 材料 mp-633538 数据处理完成
2026-05-18 17:14:00,773 - INFO - 处理材料数据: mp-1228623
2026-05-18 17:14:00,773 - INFO - 处理晶体结构数据...
2026-05-18 17:14:00,773 - INFO - 晶格参数: a=2.685, b=2.685, c=6.885
2026-05-18 17:14:00,773 - INFO - 计算弹性常数和杨氏模量...
2026-05-18 17:14:00,774 - WARNING - 体积模量(None)或剪切模量(None)为None
2026-05-18 17:14:00,774 - INFO - 材料 mp-1228623 数据处理完成
2026-05-18 17:14:00,774 - INFO - 处理材料数据: mp-984728
2026-05-18 17:14:00,774 - INFO - 处理晶体结构数据...
2026-05-18 17:14:00,775 - INFO - 晶格参数: a=2.592, b=2.592, c=4.657
2026-05-18 17:14:00,776 - INFO - 计算弹性常数和杨氏模量...
2026-05-18 17:14:00,776 - INFO - 体积模量是字典类型，使用VRH平均值
2026-05-18 17:14:00,776 - INFO - 体积模量VRH值: 274.047
2026-05-18 17:14:00,777 - INFO - 剪切模量是字典类型，使用VRH平均值
2026-05-18 17:14:00,777 - INFO - 剪切模量VRH值: 92.848
2026-05-18 17:14:00,777 - INFO - 计算完成 - C11: 397.84, C12: 212.15, E: 250.28
2026-05-18 17:14:00,777 - INFO - 材料 mp-984728 数据处理完成
2026-05-18 17:14:00,778 - INFO - 处理材料数据: mp-1239206
2026-05-18 17:14:00,778 - INFO - 处理晶体结构数据...
2026-05-18 17:14:00,778 - INFO - 晶格参数: a=6.352, b=6.352, c=6.352
2026-05-18 17:14:00,784 - INFO - 计算弹性常数和杨氏模量...
2026-05-18 17:14:00,785 - WARNING - 体积模量(None)或剪切模量(None)为None
2026-05-18 17:14:00,785 - INFO - 材料 mp-1239206 数据处理完成
2026-05-18 17:14:00,785 - INFO - 处理材料数据: mp-1018649
2026-05-18 17:14:00,785 - INFO - 处理晶体结构数据...
2026-05-18 17:14:00,786 - INFO - 晶格参数: a=2.552, b=2.552, c=6.400
2026-05-18 17:14:00,787 - INFO - 计算弹性常数和杨氏模量...
2026-05-18 17:14:00,787 - INFO - 体积模量是字典类型，使用VRH平均值
2026-05-18 17:14:00,787 - INFO - 体积模量VRH值: 376.878
2026-05-18 17:14:00,787 - INFO - 剪切模量是字典类型，使用VRH平均值
2026-05-18 17:14:00,787 - INFO - 剪切模量VRH值: 331.922
2026-05-18 17:14:00,788 - INFO - 计算完成 - C11: 819.44, C12: 155.60, E: 769.78
2026-05-18 17:14:00,788 - INFO - 材料 mp-1018649 数据处理完成
2026-05-18 17:14:00,788 - INFO - 处理材料数据: mp-1077125
2026-05-18 17:14:00,788 - INFO - 处理晶体结构数据...
2026-05-18 17:14:00,788 - INFO - 晶格参数: a=5.976, b=5.976, c=5.976
2026-05-18 17:14:00,789 - INFO - 计算弹性常数和杨氏模量...
2026-05-18 17:14:00,789 - WARNING - 体积模量(None)或剪切模量(None)为None
2026-05-18 17:14:00,789 - INFO - 材料 mp-1077125 数据处理完成
2026-05-18 17:14:00,789 - INFO - 处理材料数据: mp-1077743
2026-05-18 17:14:00,789 - INFO - 处理晶体结构数据...
2026-05-18 17:14:00,790 - INFO - 晶格参数: a=4.469, b=4.469, c=4.469
2026-05-18 17:14:00,790 - INFO - 计算弹性常数和杨氏模量...
2026-05-18 17:14:00,790 - WARNING - 体积模量(None)或剪切模量(None)为None
2026-05-18 17:14:00,790 - INFO - 材料 mp-1077743 数据处理完成
2026-05-18 17:14:00,790 - INFO - 处理材料数据: mp-1095514
2026-05-18 17:14:00,791 - INFO - 处理晶体结构数据...
2026-05-18 17:14:00,791 - INFO - 晶格参数: a=4.451, b=4.458, c=4.462
2026-05-18 17:14:00,793 - INFO - 计算弹性常数和杨氏模量...
2026-05-18 17:14:00,793 - WARNING - 体积模量(None)或剪切模量(None)为None
2026-05-18 17:14:00,793 - INFO - 材料 mp-1095514 数据处理完成
2026-05-18 17:14:00,794 - INFO - 处理材料数据: mp-1386486
2026-05-18 17:14:00,794 - INFO - 处理晶体结构数据...
2026-05-18 17:14:00,794 - INFO - 晶格参数: a=4.451, b=4.458, c=4.462
2026-05-18 17:14:00,795 - INFO - 计算弹性常数和杨氏模量...
2026-05-18 17:14:00,796 - WARNING - 体积模量(None)或剪切模量(None)为None
2026-05-18 17:14:00,796 - INFO - 材料 mp-1386486 数据处理完成
2026-05-18 17:14:00,796 - INFO - 处理材料数据: mp-1078935
2026-05-18 17:14:00,796 - INFO - 处理晶体结构数据...
2026-05-18 17:14:00,797 - INFO - 晶格参数: a=2.518, b=2.518, c=7.494
2026-05-18 17:14:00,798 - INFO - 计算弹性常数和杨氏模量...
2026-05-18 17:14:00,798 - WARNING - 体积模量(None)或剪切模量(None)为None
2026-05-18 17:14:00,798 - INFO - 材料 mp-1078935 数据处理完成
2026-05-18 17:14:00,798 - INFO - 处理材料数据: mp-1079046
2026-05-18 17:14:00,799 - INFO - 处理晶体结构数据...
2026-05-18 17:14:00,799 - INFO - 晶格参数: a=2.513, b=3.690, c=5.122
2026-05-18 17:14:00,799 - INFO - 计算弹性常数和杨氏模量...
2026-05-18 17:14:00,800 - WARNING - 体积模量(None)或剪切模量(None)为None
2026-05-18 17:14:00,800 - INFO - 材料 mp-1079046 数据处理完成
2026-05-18 17:14:00,800 - INFO - 处理材料数据: mp-1079661
2026-05-18 17:14:00,800 - INFO - 处理晶体结构数据...
2026-05-18 17:14:00,801 - INFO - 晶格参数: a=8.642, b=8.642, c=8.642
2026-05-18 17:14:00,801 - INFO - 计算弹性常数和杨氏模量...
2026-05-18 17:14:00,803 - WARNING - 体积模量(None)或剪切模量(None)为None
2026-05-18 17:14:00,803 - INFO - 材料 mp-1079661 数据处理完成
2026-05-18 17:14:00,803 - INFO - 处理材料数据: mp-1080030
2026-05-18 17:14:00,803 - INFO - 处理晶体结构数据...
2026-05-18 17:14:00,804 - INFO - 晶格参数: a=2.536, b=2.536, c=8.522
2026-05-18 17:14:00,804 - INFO - 计算弹性常数和杨氏模量...
2026-05-18 17:14:00,804 - WARNING - 体积模量(None)或剪切模量(None)为None
2026-05-18 17:14:00,805 - INFO - 材料 mp-1080030 数据处理完成
2026-05-18 17:14:00,805 - INFO - 处理材料数据: mp-1095030
2026-05-18 17:14:00,805 - INFO - 处理晶体结构数据...
2026-05-18 17:14:00,805 - INFO - 晶格参数: a=3.620, b=3.620, c=3.620
2026-05-18 17:14:00,805 - INFO - 计算弹性常数和杨氏模量...
2026-05-18 17:14:00,806 - WARNING - 体积模量(None)或剪切模量(None)为None
2026-05-18 17:14:00,807 - INFO - 材料 mp-1095030 数据处理完成
2026-05-18 17:14:00,808 - INFO - ==================== 数据处理完成 ====================
2026-05-18 17:14:00,862 - INFO - Connected (version 2.0, client OpenSSH_8.0)
2026-05-18 17:14:00,983 - INFO - Authentication (publickey) failed.
2026-05-18 17:14:01,019 - INFO - Authentication (password) successful!
2026-05-18 17:14:03,266 - INFO - Connected (version 2.0, client OpenSSH_8.0)
2026-05-18 17:14:03,391 - INFO - Authentication (publickey) failed.
2026-05-18 17:14:03,426 - INFO - Authentication (password) successful!
2026-05-18 17:14:09,183 - INFO - Connected (version 2.0, client OpenSSH_8.0)
2026-05-18 17:14:09,305 - INFO - Authentication (publickey) failed.
2026-05-18 17:14:09,343 - INFO - Authentication (password) successful!
2026-05-18 17:14:09,424 - INFO - connection open
2026-05-18 17:14:11,630 - WARNING - 终端 SSH 连接失败: [Errno None] Unable to connect to port 22 on 127.0.0.1
2026-05-18 17:14:15,560 - WARNING - page2_search element_inf: 2003: Can't connect to MySQL server on 'localhost:3306' (10061 由于目标计算机积极拒绝，无法连接。)
2026-05-18 17:14:17,614 - WARNING - page2_search materials: 2003: Can't connect to MySQL server on 'localhost:3306' (10061 由于目标计算机积极拒绝，无法连接。)
2026-05-18 17:14:21,713 - WARNING - page2_search element_inf: 2003: Can't connect to MySQL server on 'localhost:3306' (10061 由于目标计算机积极拒绝，无法连接。)
2026-05-18 17:14:23,742 - WARNING - page2_search materials: 2003: Can't connect to MySQL server on 'localhost:3306' (10061 由于目标计算机积极拒绝，无法连接。)
2026-05-18 17:14:27,826 - WARNING - page2_search element_inf: 2003: Can't connect to MySQL server on 'localhost:3306' (10061 由于目标计算机积极拒绝，无法连接。)
2026-05-18 17:14:29,877 - WARNING - page2_search materials: 2003: Can't connect to MySQL server on 'localhost:3306' (10061 由于目标计算机积极拒绝，无法连接。)
2026-05-18 17:14:29,926 - INFO - Connected (version 2.0, client OpenSSH_8.0)
2026-05-18 17:14:30,047 - INFO - Authentication (publickey) failed.
2026-05-18 17:14:30,093 - INFO - Authentication (password) successful!
2026-05-18 17:14:32,456 - INFO - connection open
2026-05-18 17:14:34,174 - ERROR - MySQL连接错误: 2003: Can't connect to MySQL server on 'localhost:3306' (10061 由于目标计算机积极拒绝，无法连接。)
2026-05-18 17:14:34,176 - ERROR - 请确保MySQL服务已启动且正在运行在端口3306上
2026-05-18 17:14:34,531 - WARNING - 终端 SSH 连接失败: [Errno None] Unable to connect to port 22 on 127.0.0.1
2026-05-18 17:14:36,224 - WARNING - u_nb_database 查询异常: 2003: Can't connect to MySQL server on 'localhost:3306' (10061 由于目标计算机积极拒绝，无法连接。)
2026-05-18 17:14:36,277 - INFO - Connected (version 2.0, client OpenSSH_8.0)
2026-05-18 17:14:36,411 - INFO - Authentication (publickey) failed.
2026-05-18 17:14:36,455 - INFO - Authentication (password) successful!
2026-05-18 17:14:40,532 - ERROR - MySQL连接错误: 2003: Can't connect to MySQL server on 'localhost:3306' (10061 由于目标计算机积极拒绝，无法连接。)
2026-05-18 17:14:40,533 - ERROR - 请确保MySQL服务已启动且正在运行在端口3306上
2026-05-18 17:14:42,567 - WARNING - u_nb_database 查询异常: 2003: Can't connect to MySQL server on 'localhost:3306' (10061 由于目标计算机积极拒绝，无法连接。)
2026-05-18 17:14:42,610 - INFO - Connected (version 2.0, client OpenSSH_8.0)
2026-05-18 17:14:42,739 - INFO - Authentication (publickey) failed.
2026-05-18 17:14:42,790 - INFO - Authentication (password) successful!
2026-05-18 17:14:46,857 - ERROR - MySQL连接错误: 2003: Can't connect to MySQL server on 'localhost:3306' (10061 由于目标计算机积极拒绝，无法连接。)
2026-05-18 17:14:46,860 - ERROR - 请确保MySQL服务已启动且正在运行在端口3306上
2026-05-18 17:14:48,902 - WARNING - u_nb_database 查询异常: 2003: Can't connect to MySQL server on 'localhost:3306' (10061 由于目标计算机积极拒绝，无法连接。)
2026-05-18 17:14:48,960 - INFO - Connected (version 2.0, client OpenSSH_8.0)
2026-05-18 17:14:49,103 - INFO - Authentication (publickey) failed.
2026-05-18 17:14:49,144 - INFO - Authentication (password) successful!
2026-05-18 17:14:49,150 - INFO - Updated element: B-C-He, num_element: 3
2026-05-18 17:14:49,203 - INFO - Connected (version 2.0, client OpenSSH_8.0)
2026-05-18 17:14:49,302 - INFO - Authentication (publickey) failed.
2026-05-18 17:14:49,340 - INFO - Authentication (password) successful!
2026-05-18 17:14:49,344 - INFO - Updated element: C-He, num_element: 2
2026-05-18 17:14:49,395 - INFO - Connected (version 2.0, client OpenSSH_8.0)
2026-05-18 17:14:49,528 - INFO - Authentication (publickey) failed.
2026-05-18 17:14:49,567 - INFO - Authentication (password) successful!
2026-05-18 17:14:49,570 - INFO - Updated element: He, num_element: 1
2026-05-18 17:14:49,572 - INFO - Received GET request from 127.0.0.1 for path /api/data
2026-05-18 17:14:49,573 - INFO - Getting data for element: He, num_element: 1
2026-05-18 17:14:49,574 - INFO - ==================== 开始获取数据 ====================
2026-05-18 17:14:49,574 - INFO - 请求元素: He, 元素数量: 1
2026-05-18 17:14:49,577 - INFO - 处理后的化学式: He
2026-05-18 17:14:49,578 - INFO - 正在查询 Materials Project API...
2026-05-18 17:14:54,253 - INFO - API查询完成，获取到 4 条记录
2026-05-18 17:14:54,253 - INFO - 处理材料数据: mp-23156
2026-05-18 17:14:54,254 - INFO - 处理晶体结构数据...
2026-05-18 17:14:54,255 - INFO - 晶格参数: a=2.842, b=2.842, c=4.625
2026-05-18 17:14:54,255 - INFO - 计算弹性常数和杨氏模量...
2026-05-18 17:14:54,256 - WARNING - 体积模量(None)或剪切模量(None)为None
2026-05-18 17:14:54,256 - INFO - 材料 mp-23156 数据处理完成
2026-05-18 17:14:54,256 - INFO - 处理材料数据: mp-23158
2026-05-18 17:14:54,256 - INFO - 处理晶体结构数据...
2026-05-18 17:14:54,258 - INFO - 晶格参数: a=2.822, b=2.822, c=2.822
2026-05-18 17:14:54,258 - INFO - 计算弹性常数和杨氏模量...
2026-05-18 17:14:54,258 - INFO - 体积模量是字典类型，使用VRH平均值
2026-05-18 17:14:54,258 - INFO - 体积模量VRH值: 1.014
2026-05-18 17:14:54,258 - INFO - 剪切模量是字典类型，使用VRH平均值
2026-05-18 17:14:54,258 - INFO - 剪切模量VRH值: 0.124
2026-05-18 17:14:54,260 - INFO - 计算完成 - C11: 1.18, C12: 0.93, E: 0.36
2026-05-18 17:14:54,260 - INFO - 材料 mp-23158 数据处理完成
2026-05-18 17:14:54,260 - INFO - 处理材料数据: mp-614456
2026-05-18 17:14:54,261 - INFO - 处理晶体结构数据...
2026-05-18 17:14:54,261 - INFO - 晶格参数: a=2.817, b=2.817, c=2.817
2026-05-18 17:14:54,261 - INFO - 计算弹性常数和杨氏模量...
2026-05-18 17:14:54,262 - WARNING - 体积模量(None)或剪切模量(None)为None
2026-05-18 17:14:54,262 - INFO - 材料 mp-614456 数据处理完成
2026-05-18 17:14:54,262 - INFO - 处理材料数据: mp-754382
2026-05-18 17:14:54,263 - INFO - 处理晶体结构数据...
2026-05-18 17:14:54,263 - INFO - 晶格参数: a=2.828, b=2.828, c=2.694
2026-05-18 17:14:54,263 - INFO - 计算弹性常数和杨氏模量...
2026-05-18 17:14:54,263 - WARNING - 体积模量(None)或剪切模量(None)为None
2026-05-18 17:14:54,264 - INFO - 材料 mp-754382 数据处理完成
2026-05-18 17:14:54,264 - INFO - ==================== 数据处理完成 ====================
2026-05-18 17:14:54,321 - INFO - Connected (version 2.0, client OpenSSH_8.0)
2026-05-18 17:14:54,453 - INFO - Authentication (publickey) failed.
2026-05-18 17:14:54,492 - INFO - Authentication (password) successful!
2026-05-18 17:14:54,494 - INFO - Received GET request from 127.0.0.1 for path /api/data
2026-05-18 17:14:54,494 - INFO - Getting data for element: He, num_element: 1
2026-05-18 17:14:54,495 - INFO - ==================== 开始获取数据 ====================
2026-05-18 17:14:54,495 - INFO - 请求元素: He, 元素数量: 1
2026-05-18 17:14:54,499 - INFO - 处理后的化学式: He
2026-05-18 17:14:54,500 - INFO - 正在查询 Materials Project API...
2026-05-18 17:14:59,480 - INFO - API查询完成，获取到 4 条记录
2026-05-18 17:14:59,480 - INFO - 处理材料数据: mp-23156
2026-05-18 17:14:59,480 - INFO - 处理晶体结构数据...
2026-05-18 17:14:59,482 - INFO - 晶格参数: a=2.842, b=2.842, c=4.625
2026-05-18 17:14:59,482 - INFO - 计算弹性常数和杨氏模量...
2026-05-18 17:14:59,482 - WARNING - 体积模量(None)或剪切模量(None)为None
2026-05-18 17:14:59,483 - INFO - 材料 mp-23156 数据处理完成
2026-05-18 17:14:59,483 - INFO - 处理材料数据: mp-23158
2026-05-18 17:14:59,483 - INFO - 处理晶体结构数据...
2026-05-18 17:14:59,484 - INFO - 晶格参数: a=2.822, b=2.822, c=2.822
2026-05-18 17:14:59,484 - INFO - 计算弹性常数和杨氏模量...
2026-05-18 17:14:59,484 - INFO - 体积模量是字典类型，使用VRH平均值
2026-05-18 17:14:59,485 - INFO - 体积模量VRH值: 1.014
2026-05-18 17:14:59,485 - INFO - 剪切模量是字典类型，使用VRH平均值
2026-05-18 17:14:59,485 - INFO - 剪切模量VRH值: 0.124
2026-05-18 17:14:59,486 - INFO - 计算完成 - C11: 1.18, C12: 0.93, E: 0.36
2026-05-18 17:14:59,486 - INFO - 材料 mp-23158 数据处理完成
2026-05-18 17:14:59,487 - INFO - 处理材料数据: mp-614456
2026-05-18 17:14:59,487 - INFO - 处理晶体结构数据...
2026-05-18 17:14:59,488 - INFO - 晶格参数: a=2.817, b=2.817, c=2.817
2026-05-18 17:14:59,488 - INFO - 计算弹性常数和杨氏模量...
2026-05-18 17:14:59,489 - WARNING - 体积模量(None)或剪切模量(None)为None
2026-05-18 17:14:59,489 - INFO - 材料 mp-614456 数据处理完成
2026-05-18 17:14:59,489 - INFO - 处理材料数据: mp-754382
2026-05-18 17:14:59,489 - INFO - 处理晶体结构数据...
2026-05-18 17:14:59,490 - INFO - 晶格参数: a=2.828, b=2.828, c=2.694
2026-05-18 17:14:59,490 - INFO - 计算弹性常数和杨氏模量...
2026-05-18 17:14:59,490 - WARNING - 体积模量(None)或剪切模量(None)为None
2026-05-18 17:14:59,491 - INFO - 材料 mp-754382 数据处理完成
2026-05-18 17:14:59,491 - INFO - ==================== 数据处理完成 ====================
2026-05-18 17:14:59,547 - INFO - Connected (version 2.0, client OpenSSH_8.0)
2026-05-18 17:14:59,661 - INFO - Authentication (publickey) failed.
2026-05-18 17:14:59,705 - INFO - Authentication (password) successful!
2026-05-18 17:14:59,718 - INFO - Received GET request from 127.0.0.1 for path /api/data
2026-05-18 17:14:59,720 - INFO - Getting data for element: He, num_element: 1
2026-05-18 17:14:59,721 - INFO - ==================== 开始获取数据 ====================
2026-05-18 17:14:59,721 - INFO - 请求元素: He, 元素数量: 1
2026-05-18 17:14:59,724 - INFO - 处理后的化学式: He
2026-05-18 17:14:59,725 - INFO - 正在查询 Materials Project API...
2026-05-18 17:15:04,027 - INFO - API查询完成，获取到 4 条记录
2026-05-18 17:15:04,027 - INFO - 处理材料数据: mp-23156
2026-05-18 17:15:04,028 - INFO - 处理晶体结构数据...
2026-05-18 17:15:04,028 - INFO - 晶格参数: a=2.842, b=2.842, c=4.625
2026-05-18 17:15:04,028 - INFO - 计算弹性常数和杨氏模量...
2026-05-18 17:15:04,028 - WARNING - 体积模量(None)或剪切模量(None)为None
2026-05-18 17:15:04,030 - INFO - 材料 mp-23156 数据处理完成
2026-05-18 17:15:04,030 - INFO - 处理材料数据: mp-23158
2026-05-18 17:15:04,030 - INFO - 处理晶体结构数据...
2026-05-18 17:15:04,030 - INFO - 晶格参数: a=2.822, b=2.822, c=2.822
2026-05-18 17:15:04,031 - INFO - 计算弹性常数和杨氏模量...
2026-05-18 17:15:04,031 - INFO - 体积模量是字典类型，使用VRH平均值
2026-05-18 17:15:04,031 - INFO - 体积模量VRH值: 1.014
2026-05-18 17:15:04,032 - INFO - 剪切模量是字典类型，使用VRH平均值
2026-05-18 17:15:04,032 - INFO - 剪切模量VRH值: 0.124
2026-05-18 17:15:04,032 - INFO - 计算完成 - C11: 1.18, C12: 0.93, E: 0.36
2026-05-18 17:15:04,032 - INFO - 材料 mp-23158 数据处理完成
2026-05-18 17:15:04,032 - INFO - 处理材料数据: mp-614456
2026-05-18 17:15:04,033 - INFO - 处理晶体结构数据...
2026-05-18 17:15:04,033 - INFO - 晶格参数: a=2.817, b=2.817, c=2.817
2026-05-18 17:15:04,033 - INFO - 计算弹性常数和杨氏模量...
2026-05-18 17:15:04,034 - WARNING - 体积模量(None)或剪切模量(None)为None
2026-05-18 17:15:04,034 - INFO - 材料 mp-614456 数据处理完成
2026-05-18 17:15:04,034 - INFO - 处理材料数据: mp-754382
2026-05-18 17:15:04,035 - INFO - 处理晶体结构数据...
2026-05-18 17:15:04,035 - INFO - 晶格参数: a=2.828, b=2.828, c=2.694
2026-05-18 17:15:04,035 - INFO - 计算弹性常数和杨氏模量...
2026-05-18 17:15:04,035 - WARNING - 体积模量(None)或剪切模量(None)为None
2026-05-18 17:15:04,035 - INFO - 材料 mp-754382 数据处理完成
2026-05-18 17:15:04,035 - INFO - ==================== 数据处理完成 ====================
2026-05-18 17:15:04,083 - INFO - Connected (version 2.0, client OpenSSH_8.0)
2026-05-18 17:15:04,209 - INFO - Authentication (publickey) failed.
2026-05-18 17:15:04,246 - INFO - Authentication (password) successful!
2026-05-18 17:15:06,791 - INFO - connection open
2026-05-18 17:15:08,998 - WARNING - 终端 SSH 连接失败: [Errno None] Unable to connect to port 22 on 127.0.0.1
2026-05-18 17:15:09,264 - INFO - Connected (version 2.0, client OpenSSH_8.0)
2026-05-18 17:15:09,385 - INFO - Authentication (publickey) failed.
2026-05-18 17:15:09,421 - INFO - Authentication (password) successful!
2026-05-18 17:15:15,261 - INFO - Connected (version 2.0, client OpenSSH_8.0)
2026-05-18 17:15:15,401 - INFO - Authentication (publickey) failed.
2026-05-18 17:15:15,459 - INFO - Authentication (password) successful!
2026-05-18 17:15:21,269 - INFO - Connected (version 2.0, client OpenSSH_8.0)
2026-05-18 17:15:21,385 - INFO - Authentication (publickey) failed.
2026-05-18 17:15:21,423 - INFO - Authentication (password) successful!
2026-05-18 17:15:24,866 - INFO - Received GET request from 127.0.0.1 for path /img/team-photo.jpg
2026-05-18 17:15:25,544 - INFO - Received GET request from 127.0.0.1 for path /img/team-photo.jpg
2026-05-18 17:15:25,584 - INFO - Received GET request from 127.0.0.1 for path /img/doc/database.jpg
2026-05-18 17:15:25,650 - INFO - Received GET request from 127.0.0.1 for path /img/doc/with-db-data.jpg
2026-05-18 17:15:25,687 - INFO - Received GET request from 127.0.0.1 for path /img/doc/no-db-data.jpg
2026-05-18 17:15:25,709 - INFO - Received GET request from 127.0.0.1 for path /img/doc/visual.jpg
2026-05-18 17:15:25,741 - INFO - Received GET request from 127.0.0.1 for path /img/doc/login.jpg
2026-05-18 17:15:25,842 - INFO - Received GET request from 127.0.0.1 for path /img/doc/reload.jpg
2026-05-18 17:15:25,948 - INFO - Received GET request from 127.0.0.1 for path /img/doc/terminal.jpg
2026-05-18 17:15:52,719 - INFO - Connected (version 2.0, client OpenSSH_8.0)
2026-05-18 17:15:52,813 - INFO - Authentication (publickey) failed.
2026-05-18 17:15:52,865 - INFO - Authentication (password) successful!
2026-05-18 17:15:52,932 - INFO - Connected (version 2.0, client OpenSSH_8.0)
2026-05-18 17:15:53,010 - INFO - Authentication (publickey) failed.
2026-05-18 17:15:53,045 - INFO - Authentication (password) successful!
2026-05-18 17:15:53,049 - INFO - Received GET request from 127.0.0.1 for path /data_input/my
2026-05-18 17:15:53,064 - INFO - Received GET request from 127.0.0.1 for path /data_input/my
2026-05-18 17:15:58,878 - INFO - Connected (version 2.0, client OpenSSH_8.0)
2026-05-18 17:15:58,988 - INFO - Authentication (publickey) failed.
2026-05-18 17:15:59,028 - INFO - Authentication (password) successful!
2026-05-18 17:16:03,588 - WARNING - page2_search element_inf: 2003: Can't connect to MySQL server on 'localhost:3306' (10061 由于目标计算机积极拒绝，无法连接。)
2026-05-18 17:16:05,633 - WARNING - page2_search materials: 2003: Can't connect to MySQL server on 'localhost:3306' (10061 由于目标计算机积极拒绝，无法连接。)
2026-05-18 17:16:05,688 - INFO - Connected (version 2.0, client OpenSSH_8.0)
2026-05-18 17:16:05,814 - INFO - Authentication (publickey) failed.
2026-05-18 17:16:05,854 - INFO - Authentication (password) successful!
2026-05-18 17:16:09,725 - INFO - connection open
2026-05-18 17:16:09,931 - ERROR - MySQL连接错误: 2003: Can't connect to MySQL server on 'localhost:3306' (10061 由于目标计算机积极拒绝，无法连接。)
2026-05-18 17:16:09,932 - ERROR - 请确保MySQL服务已启动且正在运行在端口3306上
2026-05-18 17:16:11,916 - WARNING - 终端 SSH 连接失败: [Errno None] Unable to connect to port 22 on 127.0.0.1
2026-05-18 17:16:11,964 - WARNING - u_nb_database 查询异常: 2003: Can't connect to MySQL server on 'localhost:3306' (10061 由于目标计算机积极拒绝，无法连接。)
2026-05-18 17:16:12,020 - INFO - Connected (version 2.0, client OpenSSH_8.0)
2026-05-18 17:16:12,149 - INFO - Authentication (publickey) failed.
2026-05-18 17:16:12,186 - INFO - Authentication (password) successful!
2026-05-18 17:16:12,190 - INFO - Updated element: Al, num_element: 1
2026-05-18 17:16:12,242 - INFO - Received GET request from 127.0.0.1 for path /api/data
2026-05-18 17:16:12,242 - INFO - Getting data for element: Al, num_element: 1
2026-05-18 17:16:12,242 - INFO - ==================== 开始获取数据 ====================
2026-05-18 17:16:12,243 - INFO - 请求元素: Al, 元素数量: 1
2026-05-18 17:16:12,244 - INFO - 处理后的化学式: Al
2026-05-18 17:16:12,245 - INFO - 正在查询 Materials Project API...
2026-05-18 17:16:15,943 - INFO - API查询完成，获取到 10 条记录
2026-05-18 17:16:15,943 - INFO - 处理材料数据: mp-1183144
2026-05-18 17:16:15,943 - INFO - 处理晶体结构数据...
2026-05-18 17:16:15,944 - INFO - 晶格参数: a=2.827, b=2.827, c=9.186
2026-05-18 17:16:15,944 - INFO - 计算弹性常数和杨氏模量...
2026-05-18 17:16:15,944 - WARNING - 体积模量(None)或剪切模量(None)为None
2026-05-18 17:16:15,945 - INFO - 材料 mp-1183144 数据处理完成
2026-05-18 17:16:15,945 - INFO - 处理材料数据: mp-1239196
2026-05-18 17:16:15,945 - INFO - 处理晶体结构数据...
2026-05-18 17:16:15,945 - INFO - 晶格参数: a=3.918, b=3.918, c=6.723
2026-05-18 17:16:15,945 - INFO - 计算弹性常数和杨氏模量...
2026-05-18 17:16:15,945 - WARNING - 体积模量(None)或剪切模量(None)为None
2026-05-18 17:16:15,946 - INFO - 材料 mp-1239196 数据处理完成
2026-05-18 17:16:15,946 - INFO - 处理材料数据: mp-1244953
2026-05-18 17:16:15,946 - INFO - 处理晶体结构数据...
2026-05-18 17:16:15,946 - INFO - 晶格参数: a=12.125, b=12.276, c=12.134
2026-05-18 17:16:16,006 - INFO - 计算弹性常数和杨氏模量...
2026-05-18 17:16:16,006 - WARNING - 体积模量(None)或剪切模量(None)为None
2026-05-18 17:16:16,007 - INFO - 材料 mp-1244953 数据处理完成
2026-05-18 17:16:16,007 - INFO - 处理材料数据: mp-1245067
2026-05-18 17:16:16,008 - INFO - 处理晶体结构数据...
2026-05-18 17:16:16,008 - INFO - 晶格参数: a=11.983, b=12.335, c=12.275
2026-05-18 17:16:16,065 - INFO - 计算弹性常数和杨氏模量...
2026-05-18 17:16:16,066 - WARNING - 体积模量(None)或剪切模量(None)为None
2026-05-18 17:16:16,066 - INFO - 材料 mp-1245067 数据处理完成
2026-05-18 17:16:16,067 - INFO - 处理材料数据: mp-1245129
2026-05-18 17:16:16,067 - INFO - 处理晶体结构数据...
2026-05-18 17:16:16,067 - INFO - 晶格参数: a=12.168, b=12.378, c=11.785
2026-05-18 17:16:16,110 - INFO - 计算弹性常数和杨氏模量...
2026-05-18 17:16:16,111 - WARNING - 体积模量(None)或剪切模量(None)为None
2026-05-18 17:16:16,111 - INFO - 材料 mp-1245129 数据处理完成
2026-05-18 17:16:16,112 - INFO - 处理材料数据: mp-1245152
2026-05-18 17:16:16,112 - INFO - 处理晶体结构数据...
2026-05-18 17:16:16,113 - INFO - 晶格参数: a=12.277, b=12.114, c=11.904
2026-05-18 17:16:16,157 - INFO - 计算弹性常数和杨氏模量...
2026-05-18 17:16:16,157 - WARNING - 体积模量(None)或剪切模量(None)为None
2026-05-18 17:16:16,158 - INFO - 材料 mp-1245152 数据处理完成
2026-05-18 17:16:16,158 - INFO - 处理材料数据: mp-1245307
2026-05-18 17:16:16,158 - INFO - 处理晶体结构数据...
2026-05-18 17:16:16,158 - INFO - 晶格参数: a=12.166, b=12.178, c=11.988
2026-05-18 17:16:16,206 - INFO - 计算弹性常数和杨氏模量...
2026-05-18 17:16:16,206 - WARNING - 体积模量(None)或剪切模量(None)为None
2026-05-18 17:16:16,208 - INFO - 材料 mp-1245307 数据处理完成
2026-05-18 17:16:16,209 - INFO - 处理材料数据: mp-134
2026-05-18 17:16:16,209 - INFO - 处理晶体结构数据...
2026-05-18 17:16:16,209 - INFO - 晶格参数: a=2.856, b=2.856, c=2.856
2026-05-18 17:16:16,210 - INFO - 计算弹性常数和杨氏模量...
2026-05-18 17:16:16,211 - INFO - 体积模量是字典类型，使用VRH平均值
2026-05-18 17:16:16,211 - INFO - 体积模量VRH值: 76.871
2026-05-18 17:16:16,211 - INFO - 剪切模量是字典类型，使用VRH平均值
2026-05-18 17:16:16,211 - INFO - 剪切模量VRH值: -13.986
2026-05-18 17:16:16,212 - WARNING - 以下模量小于等于0: 剪切模量(-13.99)
2026-05-18 17:16:16,212 - INFO - 材料 mp-134 数据处理完成
2026-05-18 17:16:16,212 - INFO - 处理材料数据: mp-2647008
2026-05-18 17:16:16,212 - INFO - 处理晶体结构数据...
2026-05-18 17:16:16,213 - INFO - 晶格参数: a=2.812, b=2.812, c=4.867
2026-05-18 17:16:16,213 - INFO - 计算弹性常数和杨氏模量...
2026-05-18 17:16:16,213 - WARNING - 体积模量(None)或剪切模量(None)为None
2026-05-18 17:16:16,214 - INFO - 材料 mp-2647008 数据处理完成
2026-05-18 17:16:16,214 - INFO - 处理材料数据: mp-998860
2026-05-18 17:16:16,214 - INFO - 处理晶体结构数据...
2026-05-18 17:16:16,214 - INFO - 晶格参数: a=2.756, b=2.756, c=2.756
2026-05-18 17:16:16,215 - INFO - 计算弹性常数和杨氏模量...
2026-05-18 17:16:16,215 - INFO - 体积模量是字典类型，使用VRH平均值
2026-05-18 17:16:16,215 - INFO - 体积模量VRH值: 70.361
2026-05-18 17:16:16,216 - INFO - 剪切模量是字典类型，使用VRH平均值
2026-05-18 17:16:16,216 - INFO - 剪切模量VRH值: 48.263
2026-05-18 17:16:16,216 - INFO - 计算完成 - C11: 134.71, C12: 38.19, E: 117.84
2026-05-18 17:16:16,216 - INFO - 材料 mp-998860 数据处理完成
2026-05-18 17:16:16,218 - INFO - ==================== 数据处理完成 ====================
2026-05-18 17:16:16,739 - INFO - Connected (version 2.0, client OpenSSH_8.0)
2026-05-18 17:16:16,881 - INFO - Authentication (publickey) failed.
2026-05-18 17:16:16,924 - INFO - Authentication (password) successful!
2026-05-18 17:16:19,487 - INFO - connection open
2026-05-18 17:16:21,588 - WARNING - 终端 SSH 连接失败: [Errno None] Unable to connect to port 22 on 127.0.0.1
2026-05-18 17:16:30,792 - WARNING - page2_search element_inf: 2003: Can't connect to MySQL server on 'localhost:3306' (10061 由于目标计算机积极拒绝，无法连接。)
2026-05-18 17:16:32,831 - WARNING - page2_search materials: 2003: Can't connect to MySQL server on 'localhost:3306' (10061 由于目标计算机积极拒绝，无法连接。)
2026-05-18 17:16:36,923 - WARNING - page2_search element_inf: 2003: Can't connect to MySQL server on 'localhost:3306' (10061 由于目标计算机积极拒绝，无法连接。)
2026-05-18 17:16:38,967 - WARNING - page2_search materials: 2003: Can't connect to MySQL server on 'localhost:3306' (10061 由于目标计算机积极拒绝，无法连接。)
2026-05-18 17:16:43,067 - WARNING - page2_search element_inf: 2003: Can't connect to MySQL server on 'localhost:3306' (10061 由于目标计算机积极拒绝，无法连接。)
2026-05-18 17:16:45,114 - WARNING - page2_search materials: 2003: Can't connect to MySQL server on 'localhost:3306' (10061 由于目标计算机积极拒绝，无法连接。)
2026-05-18 17:16:49,190 - WARNING - page2_search element_inf: 2003: Can't connect to MySQL server on 'localhost:3306' (10061 由于目标计算机积极拒绝，无法连接。)
2026-05-18 17:16:51,225 - WARNING - page2_search materials: 2003: Can't connect to MySQL server on 'localhost:3306' (10061 由于目标计算机积极拒绝，无法连接。)
2026-05-18 17:16:51,273 - INFO - Connected (version 2.0, client OpenSSH_8.0)
2026-05-18 17:16:51,396 - INFO - Authentication (publickey) failed.
2026-05-18 17:16:51,432 - INFO - Authentication (password) successful!
2026-05-18 17:16:55,516 - ERROR - MySQL连接错误: 2003: Can't connect to MySQL server on 'localhost:3306' (10061 由于目标计算机积极拒绝，无法连接。)
2026-05-18 17:16:55,517 - ERROR - 请确保MySQL服务已启动且正在运行在端口3306上
2026-05-18 17:16:57,555 - WARNING - u_nb_database 查询异常: 2003: Can't connect to MySQL server on 'localhost:3306' (10061 由于目标计算机积极拒绝，无法连接。)
2026-05-18 17:16:57,562 - INFO - connection open
2026-05-18 17:16:57,603 - INFO - Connected (version 2.0, client OpenSSH_8.0)
2026-05-18 17:16:57,718 - INFO - Authentication (publickey) failed.
2026-05-18 17:16:57,755 - INFO - Authentication (password) successful!
2026-05-18 17:16:59,606 - WARNING - 终端 SSH 连接失败: [Errno None] Unable to connect to port 22 on 127.0.0.1
2026-05-18 17:17:01,853 - ERROR - MySQL连接错误: 2003: Can't connect to MySQL server on 'localhost:3306' (10061 由于目标计算机积极拒绝，无法连接。)
2026-05-18 17:17:01,853 - ERROR - 请确保MySQL服务已启动且正在运行在端口3306上
2026-05-18 17:17:03,895 - WARNING - u_nb_database 查询异常: 2003: Can't connect to MySQL server on 'localhost:3306' (10061 由于目标计算机积极拒绝，无法连接。)
2026-05-18 17:17:03,951 - INFO - Connected (version 2.0, client OpenSSH_8.0)
2026-05-18 17:17:04,077 - INFO - Authentication (publickey) failed.
2026-05-18 17:17:04,113 - INFO - Authentication (password) successful!
2026-05-18 17:17:08,213 - ERROR - MySQL连接错误: 2003: Can't connect to MySQL server on 'localhost:3306' (10061 由于目标计算机积极拒绝，无法连接。)
2026-05-18 17:17:08,214 - ERROR - 请确保MySQL服务已启动且正在运行在端口3306上
2026-05-18 17:17:10,261 - WARNING - u_nb_database 查询异常: 2003: Can't connect to MySQL server on 'localhost:3306' (10061 由于目标计算机积极拒绝，无法连接。)
2026-05-18 17:17:10,309 - INFO - Connected (version 2.0, client OpenSSH_8.0)
2026-05-18 17:17:10,435 - INFO - Authentication (publickey) failed.
2026-05-18 17:17:10,472 - INFO - Authentication (password) successful!
2026-05-18 17:17:14,573 - ERROR - MySQL连接错误: 2003: Can't connect to MySQL server on 'localhost:3306' (10061 由于目标计算机积极拒绝，无法连接。)
2026-05-18 17:17:14,573 - ERROR - 请确保MySQL服务已启动且正在运行在端口3306上
2026-05-18 17:17:16,622 - WARNING - u_nb_database 查询异常: 2003: Can't connect to MySQL server on 'localhost:3306' (10061 由于目标计算机积极拒绝，无法连接。)
2026-05-18 17:17:16,667 - INFO - Connected (version 2.0, client OpenSSH_8.0)
2026-05-18 17:17:16,787 - INFO - Authentication (publickey) failed.
2026-05-18 17:17:16,824 - INFO - Authentication (password) successful!
2026-05-18 17:17:16,826 - INFO - Updated element: Al-Lu, num_element: 2
2026-05-18 17:17:16,872 - INFO - Connected (version 2.0, client OpenSSH_8.0)
2026-05-18 17:17:16,986 - INFO - Authentication (publickey) failed.
2026-05-18 17:17:17,018 - INFO - Authentication (password) successful!
2026-05-18 17:17:17,021 - INFO - Updated element: Al-Lu-Og, num_element: 3
2026-05-18 17:17:17,063 - INFO - Connected (version 2.0, client OpenSSH_8.0)
2026-05-18 17:17:17,181 - INFO - Authentication (publickey) failed.
2026-05-18 17:17:17,215 - INFO - Authentication (password) successful!
2026-05-18 17:17:17,218 - INFO - Updated element: Al-Og, num_element: 2
2026-05-18 17:17:17,261 - INFO - Connected (version 2.0, client OpenSSH_8.0)
2026-05-18 17:17:17,383 - INFO - Authentication (publickey) failed.
2026-05-18 17:17:17,420 - INFO - Authentication (password) successful!
2026-05-18 17:17:17,422 - INFO - Updated element: Al, num_element: 1
2026-05-18 17:17:17,474 - INFO - Connected (version 2.0, client OpenSSH_8.0)
2026-05-18 17:17:17,594 - INFO - Authentication (publickey) failed.
2026-05-18 17:17:17,631 - INFO - Authentication (password) successful!
2026-05-18 17:17:17,633 - INFO - Received GET request from 127.0.0.1 for path /api/data
2026-05-18 17:17:17,633 - INFO - Getting data for element: Al, num_element: 1
2026-05-18 17:17:17,634 - INFO - ==================== 开始获取数据 ====================
2026-05-18 17:17:17,634 - INFO - 请求元素: Al, 元素数量: 1
2026-05-18 17:17:17,636 - INFO - 处理后的化学式: Al
2026-05-18 17:17:17,636 - INFO - 正在查询 Materials Project API...
2026-05-18 17:17:18,714 - INFO - connection open
2026-05-18 17:17:20,850 - WARNING - 终端 SSH 连接失败: [Errno None] Unable to connect to port 22 on 127.0.0.1
2026-05-18 17:17:21,092 - INFO - API查询完成，获取到 10 条记录
2026-05-18 17:17:21,093 - INFO - 处理材料数据: mp-1183144
2026-05-18 17:17:21,093 - INFO - 处理晶体结构数据...
2026-05-18 17:17:21,093 - INFO - 晶格参数: a=2.827, b=2.827, c=9.186
2026-05-18 17:17:21,095 - INFO - 计算弹性常数和杨氏模量...
2026-05-18 17:17:21,095 - WARNING - 体积模量(None)或剪切模量(None)为None
2026-05-18 17:17:21,095 - INFO - 材料 mp-1183144 数据处理完成
2026-05-18 17:17:21,095 - INFO - 处理材料数据: mp-1239196
2026-05-18 17:17:21,096 - INFO - 处理晶体结构数据...
2026-05-18 17:17:21,096 - INFO - 晶格参数: a=3.918, b=3.918, c=6.723
2026-05-18 17:17:21,097 - INFO - 计算弹性常数和杨氏模量...
2026-05-18 17:17:21,097 - WARNING - 体积模量(None)或剪切模量(None)为None
2026-05-18 17:17:21,098 - INFO - 材料 mp-1239196 数据处理完成
2026-05-18 17:17:21,098 - INFO - 处理材料数据: mp-1244953
2026-05-18 17:17:21,098 - INFO - 处理晶体结构数据...
2026-05-18 17:17:21,098 - INFO - 晶格参数: a=12.125, b=12.276, c=12.134
2026-05-18 17:17:21,162 - INFO - 计算弹性常数和杨氏模量...
2026-05-18 17:17:21,163 - WARNING - 体积模量(None)或剪切模量(None)为None
2026-05-18 17:17:21,163 - INFO - 材料 mp-1244953 数据处理完成
2026-05-18 17:17:21,164 - INFO - 处理材料数据: mp-1245067
2026-05-18 17:17:21,164 - INFO - 处理晶体结构数据...
2026-05-18 17:17:21,164 - INFO - 晶格参数: a=11.983, b=12.335, c=12.275
2026-05-18 17:17:22,564 - INFO - 计算弹性常数和杨氏模量...
2026-05-18 17:17:22,565 - WARNING - 体积模量(None)或剪切模量(None)为None
2026-05-18 17:17:22,565 - INFO - 材料 mp-1245067 数据处理完成
2026-05-18 17:17:22,566 - INFO - 处理材料数据: mp-1245129
2026-05-18 17:17:22,569 - INFO - 处理晶体结构数据...
2026-05-18 17:17:22,571 - INFO - 晶格参数: a=12.168, b=12.378, c=11.785
2026-05-18 17:17:22,642 - INFO - 计算弹性常数和杨氏模量...
2026-05-18 17:17:22,642 - WARNING - 体积模量(None)或剪切模量(None)为None
2026-05-18 17:17:22,644 - INFO - 材料 mp-1245129 数据处理完成
2026-05-18 17:17:22,645 - INFO - 处理材料数据: mp-1245152
2026-05-18 17:17:22,645 - INFO - 处理晶体结构数据...
2026-05-18 17:17:22,645 - INFO - 晶格参数: a=12.277, b=12.114, c=11.904
2026-05-18 17:17:22,704 - INFO - 计算弹性常数和杨氏模量...
2026-05-18 17:17:22,705 - WARNING - 体积模量(None)或剪切模量(None)为None
2026-05-18 17:17:22,705 - INFO - 材料 mp-1245152 数据处理完成
2026-05-18 17:17:22,705 - INFO - 处理材料数据: mp-1245307
2026-05-18 17:17:22,706 - INFO - 处理晶体结构数据...
2026-05-18 17:17:22,707 - INFO - 晶格参数: a=12.166, b=12.178, c=11.988
2026-05-18 17:17:22,748 - INFO - 计算弹性常数和杨氏模量...
2026-05-18 17:17:22,748 - WARNING - 体积模量(None)或剪切模量(None)为None
2026-05-18 17:17:22,748 - INFO - 材料 mp-1245307 数据处理完成
2026-05-18 17:17:22,749 - INFO - 处理材料数据: mp-134
2026-05-18 17:17:22,749 - INFO - 处理晶体结构数据...
2026-05-18 17:17:22,749 - INFO - 晶格参数: a=2.856, b=2.856, c=2.856
2026-05-18 17:17:22,750 - INFO - 计算弹性常数和杨氏模量...
2026-05-18 17:17:22,750 - INFO - 体积模量是字典类型，使用VRH平均值
2026-05-18 17:17:22,750 - INFO - 体积模量VRH值: 76.871
2026-05-18 17:17:22,752 - INFO - 剪切模量是字典类型，使用VRH平均值
2026-05-18 17:17:22,752 - INFO - 剪切模量VRH值: -13.986
2026-05-18 17:17:22,752 - WARNING - 以下模量小于等于0: 剪切模量(-13.99)
2026-05-18 17:17:22,752 - INFO - 材料 mp-134 数据处理完成
2026-05-18 17:17:22,752 - INFO - 处理材料数据: mp-2647008
2026-05-18 17:17:22,753 - INFO - 处理晶体结构数据...
2026-05-18 17:17:22,754 - INFO - 晶格参数: a=2.812, b=2.812, c=4.867
2026-05-18 17:17:22,754 - INFO - 计算弹性常数和杨氏模量...
2026-05-18 17:17:22,754 - WARNING - 体积模量(None)或剪切模量(None)为None
2026-05-18 17:17:22,754 - INFO - 材料 mp-2647008 数据处理完成
2026-05-18 17:17:22,754 - INFO - 处理材料数据: mp-998860
2026-05-18 17:17:22,755 - INFO - 处理晶体结构数据...
2026-05-18 17:17:22,755 - INFO - 晶格参数: a=2.756, b=2.756, c=2.756
2026-05-18 17:17:22,755 - INFO - 计算弹性常数和杨氏模量...
2026-05-18 17:17:22,756 - INFO - 体积模量是字典类型，使用VRH平均值
2026-05-18 17:17:22,756 - INFO - 体积模量VRH值: 70.361
2026-05-18 17:17:22,756 - INFO - 剪切模量是字典类型，使用VRH平均值
2026-05-18 17:17:22,756 - INFO - 剪切模量VRH值: 48.263
2026-05-18 17:17:22,756 - INFO - 计算完成 - C11: 134.71, C12: 38.19, E: 117.84
2026-05-18 17:17:22,756 - INFO - 材料 mp-998860 数据处理完成
2026-05-18 17:17:22,758 - INFO - ==================== 数据处理完成 ====================
2026-05-18 17:17:22,817 - INFO - Connected (version 2.0, client OpenSSH_8.0)
2026-05-18 17:17:22,945 - INFO - Authentication (publickey) failed.
2026-05-18 17:17:22,982 - INFO - Authentication (password) successful!
2026-05-18 17:17:22,984 - INFO - Received GET request from 127.0.0.1 for path /api/data
2026-05-18 17:17:22,985 - INFO - Getting data for element: Al, num_element: 1
2026-05-18 17:17:22,986 - INFO - ==================== 开始获取数据 ====================
2026-05-18 17:17:22,986 - INFO - 请求元素: Al, 元素数量: 1
2026-05-18 17:17:22,989 - INFO - 处理后的化学式: Al
2026-05-18 17:17:22,989 - INFO - 正在查询 Materials Project API...
2026-05-18 17:17:25,866 - INFO - API查询完成，获取到 10 条记录
2026-05-18 17:17:25,866 - INFO - 处理材料数据: mp-1183144
2026-05-18 17:17:25,867 - INFO - 处理晶体结构数据...
2026-05-18 17:17:25,867 - INFO - 晶格参数: a=2.827, b=2.827, c=9.186
2026-05-18 17:17:25,868 - INFO - 计算弹性常数和杨氏模量...
2026-05-18 17:17:25,868 - WARNING - 体积模量(None)或剪切模量(None)为None
2026-05-18 17:17:25,868 - INFO - 材料 mp-1183144 数据处理完成
2026-05-18 17:17:25,868 - INFO - 处理材料数据: mp-1239196
2026-05-18 17:17:25,870 - INFO - 处理晶体结构数据...
2026-05-18 17:17:25,870 - INFO - 晶格参数: a=3.918, b=3.918, c=6.723
2026-05-18 17:17:25,870 - INFO - 计算弹性常数和杨氏模量...
2026-05-18 17:17:25,871 - WARNING - 体积模量(None)或剪切模量(None)为None
2026-05-18 17:17:25,872 - INFO - 材料 mp-1239196 数据处理完成
2026-05-18 17:17:25,872 - INFO - 处理材料数据: mp-1244953
2026-05-18 17:17:25,872 - INFO - 处理晶体结构数据...
2026-05-18 17:17:25,872 - INFO - 晶格参数: a=12.125, b=12.276, c=12.134
2026-05-18 17:17:25,928 - INFO - 计算弹性常数和杨氏模量...
2026-05-18 17:17:25,929 - WARNING - 体积模量(None)或剪切模量(None)为None
2026-05-18 17:17:25,930 - INFO - 材料 mp-1244953 数据处理完成
2026-05-18 17:17:25,931 - INFO - 处理材料数据: mp-1245067
2026-05-18 17:17:25,931 - INFO - 处理晶体结构数据...
2026-05-18 17:17:25,931 - INFO - 晶格参数: a=11.983, b=12.335, c=12.275
2026-05-18 17:17:25,993 - INFO - 计算弹性常数和杨氏模量...
2026-05-18 17:17:25,994 - WARNING - 体积模量(None)或剪切模量(None)为None
2026-05-18 17:17:25,994 - INFO - 材料 mp-1245067 数据处理完成
2026-05-18 17:17:25,995 - INFO - 处理材料数据: mp-1245129
2026-05-18 17:17:25,995 - INFO - 处理晶体结构数据...
2026-05-18 17:17:25,995 - INFO - 晶格参数: a=12.168, b=12.378, c=11.785
2026-05-18 17:17:26,072 - INFO - 计算弹性常数和杨氏模量...
2026-05-18 17:17:26,072 - WARNING - 体积模量(None)或剪切模量(None)为None
2026-05-18 17:17:26,073 - INFO - 材料 mp-1245129 数据处理完成
2026-05-18 17:17:26,074 - INFO - 处理材料数据: mp-1245152
2026-05-18 17:17:26,074 - INFO - 处理晶体结构数据...
2026-05-18 17:17:26,075 - INFO - 晶格参数: a=12.277, b=12.114, c=11.904
2026-05-18 17:17:26,136 - INFO - 计算弹性常数和杨氏模量...
2026-05-18 17:17:26,136 - WARNING - 体积模量(None)或剪切模量(None)为None
2026-05-18 17:17:26,137 - INFO - 材料 mp-1245152 数据处理完成
2026-05-18 17:17:26,137 - INFO - 处理材料数据: mp-1245307
2026-05-18 17:17:26,137 - INFO - 处理晶体结构数据...
2026-05-18 17:17:26,138 - INFO - 晶格参数: a=12.166, b=12.178, c=11.988
2026-05-18 17:17:26,196 - INFO - 计算弹性常数和杨氏模量...
2026-05-18 17:17:26,196 - WARNING - 体积模量(None)或剪切模量(None)为None
2026-05-18 17:17:26,198 - INFO - 材料 mp-1245307 数据处理完成
2026-05-18 17:17:26,198 - INFO - 处理材料数据: mp-134
2026-05-18 17:17:26,198 - INFO - 处理晶体结构数据...
2026-05-18 17:17:26,199 - INFO - 晶格参数: a=2.856, b=2.856, c=2.856
2026-05-18 17:17:26,199 - INFO - 计算弹性常数和杨氏模量...
2026-05-18 17:17:26,200 - INFO - 体积模量是字典类型，使用VRH平均值
2026-05-18 17:17:26,200 - INFO - 体积模量VRH值: 76.871
2026-05-18 17:17:26,200 - INFO - 剪切模量是字典类型，使用VRH平均值
2026-05-18 17:17:26,201 - INFO - 剪切模量VRH值: -13.986
2026-05-18 17:17:26,201 - WARNING - 以下模量小于等于0: 剪切模量(-13.99)
2026-05-18 17:17:26,201 - INFO - 材料 mp-134 数据处理完成
2026-05-18 17:17:26,201 - INFO - 处理材料数据: mp-2647008
2026-05-18 17:17:26,201 - INFO - 处理晶体结构数据...
2026-05-18 17:17:26,202 - INFO - 晶格参数: a=2.812, b=2.812, c=4.867
2026-05-18 17:17:26,202 - INFO - 计算弹性常数和杨氏模量...
2026-05-18 17:17:26,203 - WARNING - 体积模量(None)或剪切模量(None)为None
2026-05-18 17:17:26,203 - INFO - 材料 mp-2647008 数据处理完成
2026-05-18 17:17:26,203 - INFO - 处理材料数据: mp-998860
2026-05-18 17:17:26,203 - INFO - 处理晶体结构数据...
2026-05-18 17:17:26,203 - INFO - 晶格参数: a=2.756, b=2.756, c=2.756
2026-05-18 17:17:26,205 - INFO - 计算弹性常数和杨氏模量...
2026-05-18 17:17:26,205 - INFO - 体积模量是字典类型，使用VRH平均值
2026-05-18 17:17:26,205 - INFO - 体积模量VRH值: 70.361
2026-05-18 17:17:26,205 - INFO - 剪切模量是字典类型，使用VRH平均值
2026-05-18 17:17:26,205 - INFO - 剪切模量VRH值: 48.263
2026-05-18 17:17:26,205 - INFO - 计算完成 - C11: 134.71, C12: 38.19, E: 117.84
2026-05-18 17:17:26,205 - INFO - 材料 mp-998860 数据处理完成
2026-05-18 17:17:26,206 - INFO - ==================== 数据处理完成 ====================
2026-05-18 17:17:26,221 - INFO - Received GET request from 127.0.0.1 for path /api/data
2026-05-18 17:17:26,222 - INFO - Getting data for element: Al, num_element: 1
2026-05-18 17:17:26,222 - INFO - ==================== 开始获取数据 ====================
2026-05-18 17:17:26,224 - INFO - 请求元素: Al, 元素数量: 1
2026-05-18 17:17:26,226 - INFO - 处理后的化学式: Al
2026-05-18 17:17:26,226 - INFO - 正在查询 Materials Project API...
2026-05-18 17:17:29,693 - INFO - API查询完成，获取到 10 条记录
2026-05-18 17:17:29,693 - INFO - 处理材料数据: mp-1183144
2026-05-18 17:17:29,693 - INFO - 处理晶体结构数据...
2026-05-18 17:17:29,695 - INFO - 晶格参数: a=2.827, b=2.827, c=9.186
2026-05-18 17:17:29,695 - INFO - 计算弹性常数和杨氏模量...
2026-05-18 17:17:29,695 - WARNING - 体积模量(None)或剪切模量(None)为None
2026-05-18 17:17:29,695 - INFO - 材料 mp-1183144 数据处理完成
2026-05-18 17:17:29,695 - INFO - 处理材料数据: mp-1239196
2026-05-18 17:17:29,695 - INFO - 处理晶体结构数据...
2026-05-18 17:17:29,696 - INFO - 晶格参数: a=3.918, b=3.918, c=6.723
2026-05-18 17:17:29,696 - INFO - 计算弹性常数和杨氏模量...
2026-05-18 17:17:29,696 - WARNING - 体积模量(None)或剪切模量(None)为None
2026-05-18 17:17:29,696 - INFO - 材料 mp-1239196 数据处理完成
2026-05-18 17:17:29,697 - INFO - 处理材料数据: mp-1244953
2026-05-18 17:17:29,697 - INFO - 处理晶体结构数据...
2026-05-18 17:17:29,698 - INFO - 晶格参数: a=12.125, b=12.276, c=12.134
2026-05-18 17:17:29,742 - INFO - 计算弹性常数和杨氏模量...
2026-05-18 17:17:29,743 - WARNING - 体积模量(None)或剪切模量(None)为None
2026-05-18 17:17:29,744 - INFO - 材料 mp-1244953 数据处理完成
2026-05-18 17:17:29,744 - INFO - 处理材料数据: mp-1245067
2026-05-18 17:17:29,744 - INFO - 处理晶体结构数据...
2026-05-18 17:17:29,744 - INFO - 晶格参数: a=11.983, b=12.335, c=12.275
2026-05-18 17:17:29,785 - INFO - 计算弹性常数和杨氏模量...
2026-05-18 17:17:29,787 - WARNING - 体积模量(None)或剪切模量(None)为None
2026-05-18 17:17:29,787 - INFO - 材料 mp-1245067 数据处理完成
2026-05-18 17:17:29,787 - INFO - 处理材料数据: mp-1245129
2026-05-18 17:17:29,787 - INFO - 处理晶体结构数据...
2026-05-18 17:17:29,788 - INFO - 晶格参数: a=12.168, b=12.378, c=11.785
2026-05-18 17:17:29,833 - INFO - 计算弹性常数和杨氏模量...
2026-05-18 17:17:29,834 - WARNING - 体积模量(None)或剪切模量(None)为None
2026-05-18 17:17:29,834 - INFO - 材料 mp-1245129 数据处理完成
2026-05-18 17:17:29,834 - INFO - 处理材料数据: mp-1245152
2026-05-18 17:17:29,835 - INFO - 处理晶体结构数据...
2026-05-18 17:17:29,835 - INFO - 晶格参数: a=12.277, b=12.114, c=11.904
2026-05-18 17:17:29,874 - INFO - 计算弹性常数和杨氏模量...
2026-05-18 17:17:29,874 - WARNING - 体积模量(None)或剪切模量(None)为None
2026-05-18 17:17:29,875 - INFO - 材料 mp-1245152 数据处理完成
2026-05-18 17:17:29,875 - INFO - 处理材料数据: mp-1245307
2026-05-18 17:17:29,875 - INFO - 处理晶体结构数据...
2026-05-18 17:17:29,875 - INFO - 晶格参数: a=12.166, b=12.178, c=11.988
2026-05-18 17:17:29,915 - INFO - 计算弹性常数和杨氏模量...
2026-05-18 17:17:29,916 - WARNING - 体积模量(None)或剪切模量(None)为None
2026-05-18 17:17:29,916 - INFO - 材料 mp-1245307 数据处理完成
2026-05-18 17:17:29,916 - INFO - 处理材料数据: mp-134
2026-05-18 17:17:29,917 - INFO - 处理晶体结构数据...
2026-05-18 17:17:29,917 - INFO - 晶格参数: a=2.856, b=2.856, c=2.856
2026-05-18 17:17:29,917 - INFO - 计算弹性常数和杨氏模量...
2026-05-18 17:17:29,919 - INFO - 体积模量是字典类型，使用VRH平均值
2026-05-18 17:17:29,919 - INFO - 体积模量VRH值: 76.871
2026-05-18 17:17:29,919 - INFO - 剪切模量是字典类型，使用VRH平均值
2026-05-18 17:17:29,919 - INFO - 剪切模量VRH值: -13.986
2026-05-18 17:17:29,920 - WARNING - 以下模量小于等于0: 剪切模量(-13.99)
2026-05-18 17:17:29,920 - INFO - 材料 mp-134 数据处理完成
2026-05-18 17:17:29,920 - INFO - 处理材料数据: mp-2647008
2026-05-18 17:17:29,920 - INFO - 处理晶体结构数据...
2026-05-18 17:17:29,921 - INFO - 晶格参数: a=2.812, b=2.812, c=4.867
2026-05-18 17:17:29,921 - INFO - 计算弹性常数和杨氏模量...
2026-05-18 17:17:29,921 - WARNING - 体积模量(None)或剪切模量(None)为None
2026-05-18 17:17:29,921 - INFO - 材料 mp-2647008 数据处理完成
2026-05-18 17:17:29,921 - INFO - 处理材料数据: mp-998860
2026-05-18 17:17:29,922 - INFO - 处理晶体结构数据...
2026-05-18 17:17:29,922 - INFO - 晶格参数: a=2.756, b=2.756, c=2.756
2026-05-18 17:17:29,922 - INFO - 计算弹性常数和杨氏模量...
2026-05-18 17:17:29,922 - INFO - 体积模量是字典类型，使用VRH平均值
2026-05-18 17:17:29,922 - INFO - 体积模量VRH值: 70.361
2026-05-18 17:17:29,923 - INFO - 剪切模量是字典类型，使用VRH平均值
2026-05-18 17:17:29,923 - INFO - 剪切模量VRH值: 48.263
2026-05-18 17:17:29,923 - INFO - 计算完成 - C11: 134.71, C12: 38.19, E: 117.84
2026-05-18 17:17:29,923 - INFO - 材料 mp-998860 数据处理完成
2026-05-18 17:17:29,923 - INFO - ==================== 数据处理完成 ====================
2026-05-18 17:17:29,933 - INFO - Received GET request from 127.0.0.1 for path /api/data
2026-05-18 17:17:29,934 - INFO - Getting data for element: Al, num_element: 1
2026-05-18 17:17:29,934 - INFO - ==================== 开始获取数据 ====================
2026-05-18 17:17:29,934 - INFO - 请求元素: Al, 元素数量: 1
2026-05-18 17:17:29,937 - INFO - 处理后的化学式: Al
2026-05-18 17:17:29,937 - INFO - 正在查询 Materials Project API...
2026-05-18 17:17:33,258 - INFO - API查询完成，获取到 10 条记录
2026-05-18 17:17:33,260 - INFO - 处理材料数据: mp-1183144
2026-05-18 17:17:33,260 - INFO - 处理晶体结构数据...
2026-05-18 17:17:33,261 - INFO - 晶格参数: a=2.827, b=2.827, c=9.186
2026-05-18 17:17:33,261 - INFO - 计算弹性常数和杨氏模量...
2026-05-18 17:17:33,261 - WARNING - 体积模量(None)或剪切模量(None)为None
2026-05-18 17:17:33,262 - INFO - 材料 mp-1183144 数据处理完成
2026-05-18 17:17:33,262 - INFO - 处理材料数据: mp-1239196
2026-05-18 17:17:33,262 - INFO - 处理晶体结构数据...
2026-05-18 17:17:33,263 - INFO - 晶格参数: a=3.918, b=3.918, c=6.723
2026-05-18 17:17:33,263 - INFO - 计算弹性常数和杨氏模量...
2026-05-18 17:17:33,263 - WARNING - 体积模量(None)或剪切模量(None)为None
2026-05-18 17:17:33,264 - INFO - 材料 mp-1239196 数据处理完成
2026-05-18 17:17:33,264 - INFO - 处理材料数据: mp-1244953
2026-05-18 17:17:33,264 - INFO - 处理晶体结构数据...
2026-05-18 17:17:33,265 - INFO - 晶格参数: a=12.125, b=12.276, c=12.134
2026-05-18 17:17:33,326 - INFO - 计算弹性常数和杨氏模量...
2026-05-18 17:17:33,327 - WARNING - 体积模量(None)或剪切模量(None)为None
2026-05-18 17:17:33,327 - INFO - 材料 mp-1244953 数据处理完成
2026-05-18 17:17:33,327 - INFO - 处理材料数据: mp-1245067
2026-05-18 17:17:33,328 - INFO - 处理晶体结构数据...
2026-05-18 17:17:33,328 - INFO - 晶格参数: a=11.983, b=12.335, c=12.275
2026-05-18 17:17:33,380 - INFO - 计算弹性常数和杨氏模量...
2026-05-18 17:17:33,381 - WARNING - 体积模量(None)或剪切模量(None)为None
2026-05-18 17:17:33,381 - INFO - 材料 mp-1245067 数据处理完成
2026-05-18 17:17:33,381 - INFO - 处理材料数据: mp-1245129
2026-05-18 17:17:33,382 - INFO - 处理晶体结构数据...
2026-05-18 17:17:33,382 - INFO - 晶格参数: a=12.168, b=12.378, c=11.785
2026-05-18 17:17:33,457 - INFO - 计算弹性常数和杨氏模量...
2026-05-18 17:17:33,457 - WARNING - 体积模量(None)或剪切模量(None)为None
2026-05-18 17:17:33,458 - INFO - 材料 mp-1245129 数据处理完成
2026-05-18 17:17:33,458 - INFO - 处理材料数据: mp-1245152
2026-05-18 17:17:33,458 - INFO - 处理晶体结构数据...
2026-05-18 17:17:33,459 - INFO - 晶格参数: a=12.277, b=12.114, c=11.904
2026-05-18 17:17:33,514 - INFO - 计算弹性常数和杨氏模量...
2026-05-18 17:17:33,514 - WARNING - 体积模量(None)或剪切模量(None)为None
2026-05-18 17:17:33,515 - INFO - 材料 mp-1245152 数据处理完成
2026-05-18 17:17:33,515 - INFO - 处理材料数据: mp-1245307
2026-05-18 17:17:33,515 - INFO - 处理晶体结构数据...
2026-05-18 17:17:33,515 - INFO - 晶格参数: a=12.166, b=12.178, c=11.988
2026-05-18 17:17:33,569 - INFO - 计算弹性常数和杨氏模量...
2026-05-18 17:17:33,569 - WARNING - 体积模量(None)或剪切模量(None)为None
2026-05-18 17:17:33,570 - INFO - 材料 mp-1245307 数据处理完成
2026-05-18 17:17:33,570 - INFO - 处理材料数据: mp-134
2026-05-18 17:17:33,571 - INFO - 处理晶体结构数据...
2026-05-18 17:17:33,571 - INFO - 晶格参数: a=2.856, b=2.856, c=2.856
2026-05-18 17:17:33,572 - INFO - 计算弹性常数和杨氏模量...
2026-05-18 17:17:33,572 - INFO - 体积模量是字典类型，使用VRH平均值
2026-05-18 17:17:33,572 - INFO - 体积模量VRH值: 76.871
2026-05-18 17:17:33,572 - INFO - 剪切模量是字典类型，使用VRH平均值
2026-05-18 17:17:33,574 - INFO - 剪切模量VRH值: -13.986
2026-05-18 17:17:33,574 - WARNING - 以下模量小于等于0: 剪切模量(-13.99)
2026-05-18 17:17:33,574 - INFO - 材料 mp-134 数据处理完成
2026-05-18 17:17:33,575 - INFO - 处理材料数据: mp-2647008
2026-05-18 17:17:33,575 - INFO - 处理晶体结构数据...
2026-05-18 17:17:33,575 - INFO - 晶格参数: a=2.812, b=2.812, c=4.867
2026-05-18 17:17:33,575 - INFO - 计算弹性常数和杨氏模量...
2026-05-18 17:17:33,575 - WARNING - 体积模量(None)或剪切模量(None)为None
2026-05-18 17:17:33,576 - INFO - 材料 mp-2647008 数据处理完成
2026-05-18 17:17:33,576 - INFO - 处理材料数据: mp-998860
2026-05-18 17:17:33,576 - INFO - 处理晶体结构数据...
2026-05-18 17:17:33,576 - INFO - 晶格参数: a=2.756, b=2.756, c=2.756
2026-05-18 17:17:33,578 - INFO - 计算弹性常数和杨氏模量...
2026-05-18 17:17:33,578 - INFO - 体积模量是字典类型，使用VRH平均值
2026-05-18 17:17:33,578 - INFO - 体积模量VRH值: 70.361
2026-05-18 17:17:33,578 - INFO - 剪切模量是字典类型，使用VRH平均值
2026-05-18 17:17:33,578 - INFO - 剪切模量VRH值: 48.263
2026-05-18 17:17:33,578 - INFO - 计算完成 - C11: 134.71, C12: 38.19, E: 117.84
2026-05-18 17:17:33,580 - INFO - 材料 mp-998860 数据处理完成
2026-05-18 17:17:33,580 - INFO - ==================== 数据处理完成 ====================
2026-05-18 17:17:33,818 - INFO - Connected (version 2.0, client OpenSSH_8.0)
2026-05-18 17:17:33,940 - INFO - Authentication (publickey) failed.
2026-05-18 17:17:33,978 - INFO - Authentication (password) successful!
2026-05-18 17:17:34,813 - INFO - Connected (version 2.0, client OpenSSH_8.0)
2026-05-18 17:17:34,935 - INFO - Authentication (publickey) failed.
2026-05-18 17:17:34,970 - INFO - Authentication (password) successful!
2026-05-18 17:17:40,824 - INFO - Connected (version 2.0, client OpenSSH_8.0)
2026-05-18 17:17:40,950 - INFO - Authentication (publickey) failed.
2026-05-18 17:17:40,992 - INFO - Authentication (password) successful!
2026-05-18 17:17:46,826 - INFO - Connected (version 2.0, client OpenSSH_8.0)
2026-05-18 17:17:46,945 - INFO - Authentication (publickey) failed.
2026-05-18 17:17:46,984 - INFO - Authentication (password) successful!
2026-05-18 17:17:52,835 - INFO - Connected (version 2.0, client OpenSSH_8.0)
2026-05-18 17:17:52,955 - INFO - Authentication (publickey) failed.
2026-05-18 17:17:52,994 - INFO - Authentication (password) successful!
2026-05-18 17:17:58,844 - INFO - Connected (version 2.0, client OpenSSH_8.0)
2026-05-18 17:17:58,928 - INFO - Authentication (publickey) failed.
2026-05-18 17:17:58,963 - INFO - Authentication (password) successful!
2026-05-18 17:18:04,860 - INFO - Connected (version 2.0, client OpenSSH_8.0)
2026-05-18 17:18:04,993 - INFO - Authentication (publickey) failed.
2026-05-18 17:18:05,026 - INFO - Authentication (password) successful!
2026-05-18 17:18:10,866 - INFO - Connected (version 2.0, client OpenSSH_8.0)
2026-05-18 17:18:10,984 - INFO - Authentication (publickey) failed.
2026-05-18 17:18:11,022 - INFO - Authentication (password) successful!
2026-05-18 17:18:12,728 - INFO - connection open
2026-05-18 17:18:14,840 - WARNING - 终端 SSH 连接失败: [Errno None] Unable to connect to port 22 on 127.0.0.1
2026-05-18 17:18:16,877 - INFO - Connected (version 2.0, client OpenSSH_8.0)
2026-05-18 17:18:17,008 - INFO - Authentication (publickey) failed.
2026-05-18 17:18:17,044 - INFO - Authentication (password) successful!
2026-05-18 17:18:23,140 - INFO - Connected (version 2.0, client OpenSSH_8.0)
2026-05-18 17:18:23,256 - INFO - Authentication (publickey) failed.
2026-05-18 17:18:23,293 - INFO - Authentication (password) successful!
2026-05-18 17:18:23,779 - INFO - connection open
2026-05-18 17:18:25,911 - WARNING - 终端 SSH 连接失败: [Errno None] Unable to connect to port 22 on 127.0.0.1
2026-05-18 17:18:28,888 - INFO - Connected (version 2.0, client OpenSSH_8.0)
2026-05-18 17:18:29,011 - INFO - Authentication (publickey) failed.
2026-05-18 17:18:29,048 - INFO - Authentication (password) successful!
2026-05-18 17:18:30,995 - INFO - connection open
2026-05-18 17:18:33,078 - WARNING - 终端 SSH 连接失败: [Errno None] Unable to connect to port 22 on 127.0.0.1
2026-05-18 17:18:34,901 - INFO - Connected (version 2.0, client OpenSSH_8.0)
2026-05-18 17:18:35,028 - INFO - Authentication (publickey) failed.
2026-05-18 17:18:35,064 - INFO - Authentication (password) successful!
2026-05-18 17:18:40,915 - INFO - Connected (version 2.0, client OpenSSH_8.0)
2026-05-18 17:18:41,040 - INFO - Authentication (publickey) failed.
2026-05-18 17:18:41,084 - INFO - Authentication (password) successful!
2026-05-18 17:18:46,923 - INFO - Connected (version 2.0, client OpenSSH_8.0)
2026-05-18 17:18:47,044 - INFO - Authentication (publickey) failed.
2026-05-18 17:18:47,083 - INFO - Authentication (password) successful!
2026-05-18 17:18:55,953 - INFO - Connected (version 2.0, client OpenSSH_8.0)
2026-05-18 17:18:56,080 - INFO - Authentication (publickey) failed.
2026-05-18 17:18:56,121 - INFO - Authentication (password) successful!
2026-05-18 17:18:58,923 - INFO - Connected (version 2.0, client OpenSSH_8.0)
2026-05-18 17:18:59,003 - INFO - Authentication (publickey) failed.
2026-05-18 17:18:59,044 - INFO - Authentication (password) successful!
2026-05-18 17:19:04,922 - INFO - Connected (version 2.0, client OpenSSH_8.0)
2026-05-18 17:19:05,040 - INFO - Authentication (publickey) failed.
2026-05-18 17:19:05,080 - INFO - Authentication (password) successful!
2026-05-18 17:19:10,938 - INFO - Connected (version 2.0, client OpenSSH_8.0)
2026-05-18 17:19:11,055 - INFO - Authentication (publickey) failed.
2026-05-18 17:19:11,093 - INFO - Authentication (password) successful!
2026-05-18 17:19:16,999 - INFO - Connected (version 2.0, client OpenSSH_8.0)
2026-05-18 17:19:17,242 - INFO - Authentication (publickey) failed.
2026-05-18 17:19:17,279 - INFO - Authentication (password) successful!
2026-05-18 17:19:22,955 - INFO - Connected (version 2.0, client OpenSSH_8.0)
2026-05-18 17:19:23,084 - INFO - Authentication (publickey) failed.
2026-05-18 17:19:23,133 - INFO - Authentication (password) successful!
2026-05-18 17:19:28,958 - INFO - Connected (version 2.0, client OpenSSH_8.0)
2026-05-18 17:19:29,073 - INFO - Authentication (publickey) failed.
2026-05-18 17:19:29,106 - INFO - Authentication (password) successful!
2026-05-18 17:19:32,873 - INFO - Received GET request from 127.0.0.1 for path /img/logol.png
2026-05-18 17:19:33,056 - INFO - Connected (version 2.0, client OpenSSH_8.0)
2026-05-18 17:19:33,156 - INFO - Authentication (publickey) failed.
2026-05-18 17:19:33,198 - INFO - Authentication (password) successful!
2026-05-18 17:19:33,205 - INFO - Received GET request from 127.0.0.1 for path /data_input/my
2026-05-18 17:19:33,261 - INFO - Connected (version 2.0, client OpenSSH_8.0)
2026-05-18 17:19:33,362 - INFO - Authentication (publickey) failed.
2026-05-18 17:19:33,403 - INFO - Authentication (password) successful!
2026-05-18 17:19:33,409 - ERROR - Error processing request: [WinError 10053] 你的主机中的软件中止了一个已建立的连接。
2026-05-18 17:19:33,588 - INFO - Received GET request from 127.0.0.1 for path /data_input/my
2026-05-18 17:19:34,797 - INFO - Received GET request from 127.0.0.1 for path /img/logol.png
2026-05-18 17:19:34,921 - INFO - Connected (version 2.0, client OpenSSH_8.0)
2026-05-18 17:19:35,001 - INFO - Authentication (publickey) failed.
2026-05-18 17:19:35,043 - INFO - Authentication (password) successful!
2026-05-18 17:19:35,048 - INFO - Received GET request from 127.0.0.1 for path /data_input/my
2026-05-18 17:19:35,100 - INFO - Connected (version 2.0, client OpenSSH_8.0)
2026-05-18 17:19:35,195 - INFO - Authentication (publickey) failed.
2026-05-18 17:19:35,241 - INFO - Authentication (password) successful!
2026-05-18 17:19:35,254 - INFO - Received GET request from 127.0.0.1 for path /data_input/my
2026-05-18 17:19:40,917 - INFO - Connected (version 2.0, client OpenSSH_8.0)
2026-05-18 17:19:41,037 - INFO - Authentication (publickey) failed.
2026-05-18 17:19:41,072 - INFO - Authentication (password) successful!
2026-05-18 17:19:46,928 - INFO - Connected (version 2.0, client OpenSSH_8.0)
2026-05-18 17:19:47,049 - INFO - Authentication (publickey) failed.
2026-05-18 17:19:47,088 - INFO - Authentication (password) successful!
2026-05-18 17:19:50,118 - INFO - Received GET request from 127.0.0.1 for path /img/logol.png
2026-05-18 17:19:50,220 - INFO - Connected (version 2.0, client OpenSSH_8.0)
2026-05-18 17:19:50,320 - INFO - Authentication (publickey) failed.
2026-05-18 17:19:50,371 - INFO - Authentication (password) successful!
2026-05-18 17:19:50,376 - INFO - Received GET request from 127.0.0.1 for path /data_input/my
2026-05-18 17:19:50,434 - INFO - Connected (version 2.0, client OpenSSH_8.0)
2026-05-18 17:19:50,575 - INFO - Authentication (publickey) failed.
2026-05-18 17:19:50,615 - INFO - Authentication (password) successful!
2026-05-18 17:19:50,622 - ERROR - Error processing request: [WinError 10053] 你的主机中的软件中止了一个已建立的连接。
2026-05-18 17:19:51,524 - INFO - Received GET request from 127.0.0.1 for path /img/logol.png
2026-05-18 17:19:51,634 - INFO - Connected (version 2.0, client OpenSSH_8.0)
2026-05-18 17:19:51,728 - INFO - Authentication (publickey) failed.
2026-05-18 17:19:51,768 - INFO - Authentication (password) successful!
2026-05-18 17:19:51,770 - INFO - Received GET request from 127.0.0.1 for path /data_input/my
2026-05-18 17:19:51,822 - INFO - Connected (version 2.0, client OpenSSH_8.0)
2026-05-18 17:19:51,943 - INFO - Authentication (publickey) failed.
2026-05-18 17:19:51,988 - INFO - Authentication (password) successful!
2026-05-18 17:19:51,995 - INFO - Received GET request from 127.0.0.1 for path /data_input/my
2026-05-18 17:19:58,216 - INFO - Received GET request from 127.0.0.1 for path /img/logol.png
2026-05-18 17:19:58,332 - INFO - Connected (version 2.0, client OpenSSH_8.0)
2026-05-18 17:19:58,463 - INFO - Authentication (publickey) failed.
2026-05-18 17:19:58,525 - INFO - Authentication (password) successful!
2026-05-18 17:19:58,532 - INFO - Received GET request from 127.0.0.1 for path /data_input/my
2026-05-18 17:19:58,596 - INFO - Connected (version 2.0, client OpenSSH_8.0)
2026-05-18 17:19:58,675 - INFO - Authentication (publickey) failed.
2026-05-18 17:19:58,718 - INFO - Authentication (password) successful!
2026-05-18 17:19:58,722 - ERROR - Error processing request: [WinError 10053] 你的主机中的软件中止了一个已建立的连接。
2026-05-18 17:19:59,312 - INFO - Received GET request from 127.0.0.1 for path /img/logol.png
2026-05-18 17:19:59,409 - INFO - Connected (version 2.0, client OpenSSH_8.0)
2026-05-18 17:19:59,539 - INFO - Authentication (publickey) failed.
2026-05-18 17:19:59,581 - INFO - Authentication (password) successful!
2026-05-18 17:19:59,594 - INFO - Received GET request from 127.0.0.1 for path /data_input/my
2026-05-18 17:19:59,664 - INFO - Connected (version 2.0, client OpenSSH_8.0)
2026-05-18 17:19:59,777 - INFO - Authentication (publickey) failed.
2026-05-18 17:19:59,816 - INFO - Authentication (password) successful!
2026-05-18 17:19:59,818 - INFO - Received GET request from 127.0.0.1 for path /data_input/my
2026-05-18 17:20:03,036 - INFO - Received GET request from 127.0.0.1 for path /img/logol.png
2026-05-18 17:20:03,152 - INFO - Connected (version 2.0, client OpenSSH_8.0)
2026-05-18 17:20:03,270 - INFO - Authentication (publickey) failed.
2026-05-18 17:20:03,330 - INFO - Authentication (password) successful!
2026-05-18 17:20:03,333 - ERROR - Error processing request: [WinError 10053] 你的主机中的软件中止了一个已建立的连接。
2026-05-18 17:20:03,360 - INFO - Received GET request from 127.0.0.1 for path /data_input/my
2026-05-18 17:20:03,421 - INFO - Connected (version 2.0, client OpenSSH_8.0)
2026-05-18 17:20:03,549 - INFO - Authentication (publickey) failed.
2026-05-18 17:20:03,587 - INFO - Authentication (password) successful!
2026-05-18 17:20:03,590 - ERROR - Error processing request: [WinError 10053] 你的主机中的软件中止了一个已建立的连接。
2026-05-18 17:20:04,259 - INFO - Received GET request from 127.0.0.1 for path /img/logol.png
2026-05-18 17:20:04,380 - INFO - Connected (version 2.0, client OpenSSH_8.0)
2026-05-18 17:20:04,461 - INFO - Authentication (publickey) failed.
2026-05-18 17:20:04,499 - INFO - Authentication (password) successful!
2026-05-18 17:20:04,502 - INFO - Received GET request from 127.0.0.1 for path /data_input/my
2026-05-18 17:20:04,553 - INFO - Connected (version 2.0, client OpenSSH_8.0)
2026-05-18 17:20:04,683 - INFO - Authentication (publickey) failed.
2026-05-18 17:20:04,728 - INFO - Authentication (password) successful!
2026-05-18 17:20:04,735 - INFO - Received GET request from 127.0.0.1 for path /data_input/my
2026-05-18 17:20:05,530 - INFO - Received GET request from 127.0.0.1 for path /img/logol.png
2026-05-18 17:20:05,634 - INFO - Connected (version 2.0, client OpenSSH_8.0)
2026-05-18 17:20:05,755 - INFO - Authentication (publickey) failed.
2026-05-18 17:20:05,794 - INFO - Authentication (password) successful!
2026-05-18 17:20:05,800 - INFO - Received GET request from 127.0.0.1 for path /data_input/my
2026-05-18 17:20:05,854 - INFO - Connected (version 2.0, client OpenSSH_8.0)
2026-05-18 17:20:05,985 - INFO - Authentication (publickey) failed.
2026-05-18 17:20:06,030 - INFO - Authentication (password) successful!
2026-05-18 17:20:06,033 - INFO - Received GET request from 127.0.0.1 for path /data_input/my
2026-05-18 17:20:11,633 - INFO - Connected (version 2.0, client OpenSSH_8.0)
2026-05-18 17:20:11,752 - INFO - Authentication (publickey) failed.
2026-05-18 17:20:11,788 - INFO - Authentication (password) successful!
2026-05-18 17:20:17,635 - INFO - Connected (version 2.0, client OpenSSH_8.0)
2026-05-18 17:20:17,756 - INFO - Authentication (publickey) failed.
2026-05-18 17:20:17,797 - INFO - Authentication (password) successful!
2026-05-18 17:20:19,480 - INFO - Received GET request from 127.0.0.1 for path /img/logol.png
2026-05-18 17:20:19,668 - INFO - Connected (version 2.0, client OpenSSH_8.0)
2026-05-18 17:20:19,854 - INFO - Authentication (publickey) failed.
2026-05-18 17:20:19,894 - INFO - Authentication (password) successful!
2026-05-18 17:20:19,897 - INFO - Received GET request from 127.0.0.1 for path /data_input/my
2026-05-18 17:20:19,953 - INFO - Connected (version 2.0, client OpenSSH_8.0)
2026-05-18 17:20:20,130 - INFO - Authentication (publickey) failed.
2026-05-18 17:20:20,166 - INFO - Authentication (password) successful!
2026-05-18 17:20:20,170 - INFO - Received GET request from 127.0.0.1 for path /data_input/my
2026-05-18 17:20:25,682 - INFO - Received GET request from 127.0.0.1 for path /img/logol.png
2026-05-18 17:20:25,752 - INFO - Connected (version 2.0, client OpenSSH_8.0)
2026-05-18 17:20:25,924 - INFO - Authentication (publickey) failed.
2026-05-18 17:20:26,010 - INFO - Authentication (password) successful!
2026-05-18 17:20:26,011 - ERROR - Error processing request: [WinError 10053] 你的主机中的软件中止了一个已建立的连接。
2026-05-18 17:20:26,021 - INFO - Received GET request from 127.0.0.1 for path /data_input/my
2026-05-18 17:20:26,081 - INFO - Connected (version 2.0, client OpenSSH_8.0)
2026-05-18 17:20:26,221 - INFO - Authentication (publickey) failed.
2026-05-18 17:20:26,261 - INFO - Authentication (password) successful!
2026-05-18 17:20:26,265 - ERROR - Error processing request: [WinError 10053] 你的主机中的软件中止了一个已建立的连接。
2026-05-18 17:20:26,807 - INFO - Received GET request from 127.0.0.1 for path /img/logol.png
2026-05-18 17:20:26,915 - INFO - Connected (version 2.0, client OpenSSH_8.0)
2026-05-18 17:20:27,096 - INFO - Authentication (publickey) failed.
2026-05-18 17:20:27,135 - INFO - Authentication (password) successful!
2026-05-18 17:20:27,142 - INFO - Received GET request from 127.0.0.1 for path /data_input/my
2026-05-18 17:20:27,240 - INFO - Connected (version 2.0, client OpenSSH_8.0)
2026-05-18 17:20:27,329 - INFO - Authentication (publickey) failed.
2026-05-18 17:20:27,403 - INFO - Authentication (password) successful!
2026-05-18 17:20:27,410 - INFO - Received GET request from 127.0.0.1 for path /data_input/my
2026-05-18 17:20:29,913 - INFO - Received GET request from 127.0.0.1 for path /img/logol.png
2026-05-18 17:20:30,081 - INFO - Connected (version 2.0, client OpenSSH_8.0)
2026-05-18 17:20:30,213 - INFO - Authentication (publickey) failed.
2026-05-18 17:20:30,257 - INFO - Authentication (password) successful!
2026-05-18 17:20:30,261 - INFO - Received GET request from 127.0.0.1 for path /data_input/my
2026-05-18 17:20:30,353 - INFO - Connected (version 2.0, client OpenSSH_8.0)
2026-05-18 17:20:30,489 - INFO - Authentication (publickey) failed.
2026-05-18 17:20:30,530 - INFO - Authentication (password) successful!
2026-05-18 17:20:30,532 - INFO - Received GET request from 127.0.0.1 for path /data_input/my
2026-05-18 17:20:36,002 - INFO - Connected (version 2.0, client OpenSSH_8.0)
2026-05-18 17:20:36,172 - INFO - Authentication (publickey) failed.
2026-05-18 17:20:36,248 - INFO - Authentication (password) successful!
2026-05-18 17:20:42,012 - INFO - Connected (version 2.0, client OpenSSH_8.0)
2026-05-18 17:20:42,102 - INFO - Authentication (publickey) failed.
2026-05-18 17:20:42,137 - INFO - Authentication (password) successful!
2026-05-18 17:20:48,035 - INFO - Connected (version 2.0, client OpenSSH_8.0)
2026-05-18 17:20:48,126 - INFO - Authentication (publickey) failed.
2026-05-18 17:20:48,175 - INFO - Authentication (password) successful!
2026-05-18 17:20:54,028 - INFO - Connected (version 2.0, client OpenSSH_8.0)
2026-05-18 17:20:54,144 - INFO - Authentication (publickey) failed.
2026-05-18 17:20:54,183 - INFO - Authentication (password) successful!
2026-05-18 17:21:00,061 - INFO - Connected (version 2.0, client OpenSSH_8.0)
2026-05-18 17:21:00,187 - INFO - Authentication (publickey) failed.
2026-05-18 17:21:00,225 - INFO - Authentication (password) successful!
2026-05-18 17:21:06,053 - INFO - Connected (version 2.0, client OpenSSH_8.0)
2026-05-18 17:21:06,172 - INFO - Authentication (publickey) failed.
2026-05-18 17:21:06,211 - INFO - Authentication (password) successful!
2026-05-18 17:21:12,056 - INFO - Connected (version 2.0, client OpenSSH_8.0)
2026-05-18 17:21:12,179 - INFO - Authentication (publickey) failed.
2026-05-18 17:21:12,217 - INFO - Authentication (password) successful!
2026-05-18 17:21:15,913 - INFO - Received GET request from 127.0.0.1 for path /img/logol.png
2026-05-18 17:21:16,040 - INFO - Connected (version 2.0, client OpenSSH_8.0)
2026-05-18 17:21:16,132 - INFO - Authentication (publickey) failed.
2026-05-18 17:21:16,167 - INFO - Authentication (password) successful!
2026-05-18 17:21:16,170 - INFO - Received GET request from 127.0.0.1 for path /data_input/my
2026-05-18 17:21:16,231 - INFO - Connected (version 2.0, client OpenSSH_8.0)
2026-05-18 17:21:16,348 - INFO - Authentication (publickey) failed.
2026-05-18 17:21:16,389 - INFO - Authentication (password) successful!
2026-05-18 17:21:16,394 - INFO - Received GET request from 127.0.0.1 for path /data_input/my
2026-05-18 17:21:22,025 - INFO - Connected (version 2.0, client OpenSSH_8.0)
2026-05-18 17:21:22,158 - INFO - Authentication (publickey) failed.
2026-05-18 17:21:22,198 - INFO - Authentication (password) successful!
2026-05-18 17:21:28,040 - INFO - Connected (version 2.0, client OpenSSH_8.0)
2026-05-18 17:21:28,170 - INFO - Authentication (publickey) failed.
2026-05-18 17:21:28,207 - INFO - Authentication (password) successful!
2026-05-18 17:21:34,050 - INFO - Connected (version 2.0, client OpenSSH_8.0)
2026-05-18 17:21:34,140 - INFO - Authentication (publickey) failed.
2026-05-18 17:21:34,180 - INFO - Authentication (password) successful!
2026-05-18 17:21:40,052 - INFO - Connected (version 2.0, client OpenSSH_8.0)
2026-05-18 17:21:40,198 - INFO - Authentication (publickey) failed.
2026-05-18 17:21:40,235 - INFO - Authentication (password) successful!
2026-05-18 17:21:46,051 - INFO - Connected (version 2.0, client OpenSSH_8.0)
2026-05-18 17:21:46,171 - INFO - Authentication (publickey) failed.
2026-05-18 17:21:46,209 - INFO - Authentication (password) successful!
2026-05-18 17:21:52,064 - INFO - Connected (version 2.0, client OpenSSH_8.0)
2026-05-18 17:21:52,189 - INFO - Authentication (publickey) failed.
2026-05-18 17:21:52,233 - INFO - Authentication (password) successful!
2026-05-18 17:22:04,547 - INFO - Connected (version 2.0, client OpenSSH_8.0)
2026-05-18 17:22:04,671 - INFO - Authentication (publickey) failed.
2026-05-18 17:22:04,721 - INFO - Authentication (password) successful!
2026-05-18 17:22:04,790 - INFO - Connected (version 2.0, client OpenSSH_8.0)
2026-05-18 17:22:04,888 - INFO - Authentication (publickey) failed.
2026-05-18 17:22:04,934 - INFO - Authentication (password) successful!
2026-05-18 17:22:10,123 - INFO - Connected (version 2.0, client OpenSSH_8.0)
2026-05-18 17:22:10,265 - INFO - Authentication (publickey) failed.
2026-05-18 17:22:10,302 - INFO - Authentication (password) successful!
2026-05-18 17:22:16,126 - INFO - Connected (version 2.0, client OpenSSH_8.0)
2026-05-18 17:22:16,253 - INFO - Authentication (publickey) failed.
2026-05-18 17:22:16,291 - INFO - Authentication (password) successful!
2026-05-18 17:22:22,118 - INFO - Connected (version 2.0, client OpenSSH_8.0)
2026-05-18 17:22:22,235 - INFO - Authentication (publickey) failed.
2026-05-18 17:22:22,294 - INFO - Authentication (password) successful!
2026-05-18 17:22:28,118 - INFO - Connected (version 2.0, client OpenSSH_8.0)
2026-05-18 17:22:28,230 - INFO - Authentication (publickey) failed.
2026-05-18 17:22:28,264 - INFO - Authentication (password) successful!
2026-05-18 17:22:39,578 - INFO - Connected (version 2.0, client OpenSSH_8.0)
2026-05-18 17:22:39,705 - INFO - Authentication (publickey) failed.
2026-05-18 17:22:39,743 - INFO - Authentication (password) successful!
2026-05-18 17:22:40,131 - INFO - Connected (version 2.0, client OpenSSH_8.0)
2026-05-18 17:22:40,246 - INFO - Authentication (publickey) failed.
2026-05-18 17:22:40,292 - INFO - Authentication (password) successful!
2026-05-18 17:22:49,571 - INFO - Connected (version 2.0, client OpenSSH_8.0)
2026-05-18 17:22:49,721 - INFO - Authentication (publickey) failed.
2026-05-18 17:22:49,762 - INFO - Authentication (password) successful!
2026-05-18 17:22:56,658 - INFO - Connected (version 2.0, client OpenSSH_8.0)
2026-05-18 17:22:56,774 - INFO - Authentication (publickey) failed.
2026-05-18 17:22:56,809 - INFO - Authentication (password) successful!
2026-05-18 17:23:02,668 - INFO - Connected (version 2.0, client OpenSSH_8.0)
2026-05-18 17:23:02,765 - INFO - Authentication (publickey) failed.
2026-05-18 17:23:02,802 - INFO - Authentication (password) successful!
2026-05-18 17:25:05,541 - INFO - server listening on 0.0.0.0:8765
2026-05-18 17:25:11,190 - INFO - Connected (version 2.0, client OpenSSH_8.0)
2026-05-18 17:25:11,328 - INFO - Authentication (publickey) failed.
2026-05-18 17:25:11,365 - INFO - Authentication (password) successful!
2026-05-18 17:25:23,229 - INFO - Connected (version 2.0, client OpenSSH_8.0)
2026-05-18 17:25:23,313 - INFO - Authentication (publickey) failed.
2026-05-18 17:25:23,351 - INFO - Authentication (password) successful!
2026-05-18 17:25:29,350 - INFO - Connected (version 2.0, client OpenSSH_8.0)
2026-05-18 17:25:29,568 - INFO - Authentication (publickey) failed.
2026-05-18 17:25:29,603 - INFO - Authentication (password) successful!
2026-05-18 17:25:35,250 - INFO - Connected (version 2.0, client OpenSSH_8.0)
2026-05-18 17:25:35,369 - INFO - Authentication (publickey) failed.
2026-05-18 17:25:35,405 - INFO - Authentication (password) successful!
2026-05-18 17:25:39,915 - INFO - connection open
2026-05-18 17:25:41,726 - INFO - Received GET request from 127.0.0.1 for path /img/logol.png
2026-05-18 17:25:41,930 - INFO - Connected (version 2.0, client OpenSSH_8.0)
2026-05-18 17:25:42,012 - WARNING - 终端 SSH 连接失败: [Errno None] Unable to connect to port 22 on 127.0.0.1
2026-05-18 17:25:42,013 - INFO - 终端 WebSocket 已关闭
2026-05-18 17:25:42,045 - INFO - Authentication (publickey) failed.
2026-05-18 17:25:42,085 - INFO - Authentication (password) successful!
2026-05-18 17:25:42,089 - INFO - Received GET request from 127.0.0.1 for path /data_input/my
2026-05-18 17:25:42,146 - INFO - Connected (version 2.0, client OpenSSH_8.0)
2026-05-18 17:25:42,264 - INFO - Authentication (publickey) failed.
2026-05-18 17:25:42,272 - INFO - connection open
2026-05-18 17:25:42,299 - INFO - Authentication (password) successful!
2026-05-18 17:25:42,302 - INFO - Received GET request from 127.0.0.1 for path /data_input/my
2026-05-18 17:25:44,332 - WARNING - 终端 SSH 连接失败: [Errno None] Unable to connect to port 22 on 127.0.0.1
2026-05-18 17:25:47,820 - INFO - Connected (version 2.0, client OpenSSH_8.0)
2026-05-18 17:25:47,941 - INFO - Authentication (publickey) failed.
2026-05-18 17:25:47,980 - INFO - Authentication (password) successful!
2026-05-18 17:25:52,218 - INFO - connection open
2026-05-18 17:25:53,373 - WARNING - page2_search element_inf: 2003: Can't connect to MySQL server on 'localhost:3306' (10061 由于目标计算机积极拒绝，无法连接。)
2026-05-18 17:25:54,363 - WARNING - 终端 SSH 连接失败: [Errno None] Unable to connect to port 22 on 127.0.0.1
2026-05-18 17:25:55,411 - WARNING - page2_search materials: 2003: Can't connect to MySQL server on 'localhost:3306' (10061 由于目标计算机积极拒绝，无法连接。)
2026-05-18 17:25:57,421 - INFO - Connected (version 2.0, client OpenSSH_8.0)
2026-05-18 17:25:57,493 - INFO - Authentication (publickey) failed.
2026-05-18 17:25:57,526 - INFO - Authentication (password) successful!
